{"C:\\Users\\nayel\\Desktop\\dodo_project\\frontend\\postcss.config.js": {"path":"C:\\Users\\nayel\\Desktop\\dodo_project\\frontend\\postcss.config.js","all":false,"statementMap":{"0":{"start":{"line":1,"column":0},"end":{"line":1,"column":16}},"1":{"start":{"line":2,"column":0},"end":{"line":2,"column":14}},"2":{"start":{"line":3,"column":0},"end":{"line":3,"column":22}},"3":{"start":{"line":4,"column":0},"end":{"line":4,"column":23}},"4":{"start":{"line":5,"column":0},"end":{"line":5,"column":6}},"5":{"start":{"line":6,"column":0},"end":{"line":6,"column":4}}},"s":{"0":1,"1":1,"2":1,"3":1,"4":1,"5":1},"branchMap":{},"b":{},"fnMap":{},"f":{}}
,"C:\\Users\\nayel\\Desktop\\dodo_project\\frontend\\tailwind.config.js": {"path":"C:\\Users\\nayel\\Desktop\\dodo_project\\frontend\\tailwind.config.js","all":false,"statementMap":{"0":{"start":{"line":1,"column":0},"end":{"line":1,"column":43}},"1":{"start":{"line":2,"column":0},"end":{"line":2,"column":16}},"2":{"start":{"line":3,"column":0},"end":{"line":3,"column":12}},"3":{"start":{"line":4,"column":0},"end":{"line":4,"column":19}},"4":{"start":{"line":5,"column":0},"end":{"line":5,"column":33}},"5":{"start":{"line":6,"column":0},"end":{"line":6,"column":4}},"6":{"start":{"line":7,"column":0},"end":{"line":7,"column":10}},"7":{"start":{"line":8,"column":0},"end":{"line":8,"column":13}},"8":{"start":{"line":9,"column":0},"end":{"line":9,"column":15}},"9":{"start":{"line":10,"column":0},"end":{"line":10,"column":78}},"10":{"start":{"line":11,"column":0},"end":{"line":11,"column":58}},"11":{"start":{"line":12,"column":0},"end":{"line":12,"column":65}},"12":{"start":{"line":13,"column":0},"end":{"line":13,"column":26}},"13":{"start":{"line":14,"column":0},"end":{"line":14,"column":24}},"14":{"start":{"line":15,"column":0},"end":{"line":15,"column":8}},"15":{"start":{"line":16,"column":0},"end":{"line":16,"column":19}},"16":{"start":{"line":17,"column":0},"end":{"line":17,"column":67}},"17":{"start":{"line":18,"column":0},"end":{"line":18,"column":66}},"18":{"start":{"line":19,"column":0},"end":{"line":19,"column":8}},"19":{"start":{"line":20,"column":0},"end":{"line":20,"column":17}},"20":{"start":{"line":21,"column":0},"end":{"line":21,"column":19}},"21":{"start":{"line":22,"column":0},"end":{"line":22,"column":72}},"22":{"start":{"line":23,"column":0},"end":{"line":23,"column":94}},"23":{"start":{"line":24,"column":0},"end":{"line":24,"column":83}},"24":{"start":{"line":25,"column":0},"end":{"line":25,"column":62}},"25":{"start":{"line":26,"column":0},"end":{"line":26,"column":71}},"26":{"start":{"line":27,"column":0},"end":{"line":27,"column":75}},"27":{"start":{"line":28,"column":0},"end":{"line":28,"column":8}},"28":{"start":{"line":29,"column":0},"end":{"line":29,"column":8}},"29":{"start":{"line":30,"column":0},"end":{"line":30,"column":5}},"30":{"start":{"line":31,"column":0},"end":{"line":31,"column":4}},"31":{"start":{"line":32,"column":0},"end":{"line":32,"column":14}},"32":{"start":{"line":33,"column":0},"end":{"line":33,"column":1}}},"s":{"0":1,"1":1,"2":1,"3":1,"4":1,"5":1,"6":1,"7":1,"8":1,"9":1,"10":1,"11":1,"12":1,"13":1,"14":1,"15":1,"16":1,"17":1,"18":1,"19":1,"20":1,"21":1,"22":1,"23":1,"24":1,"25":1,"26":1,"27":1,"28":1,"29":1,"30":1,"31":1,"32":1},"branchMap":{},"b":{},"fnMap":{},"f":{}}
,"C:\\Users\\nayel\\Desktop\\dodo_project\\frontend\\src\\App.jsx": {"path":"C:\\Users\\nayel\\Desktop\\dodo_project\\frontend\\src\\App.jsx","all":false,"statementMap":{"4":{"start":{"line":5,"column":0},"end":{"line":5,"column":36}},"5":{"start":{"line":6,"column":0},"end":{"line":6,"column":75}},"6":{"start":{"line":7,"column":0},"end":{"line":7,"column":65}},"7":{"start":{"line":8,"column":0},"end":{"line":8,"column":34}},"10":{"start":{"line":11,"column":0},"end":{"line":11,"column":41}},"11":{"start":{"line":12,"column":0},"end":{"line":12,"column":44}},"14":{"start":{"line":15,"column":0},"end":{"line":15,"column":40}},"15":{"start":{"line":16,"column":0},"end":{"line":16,"column":56}},"16":{"start":{"line":17,"column":0},"end":{"line":17,"column":74}},"17":{"start":{"line":18,"column":0},"end":{"line":18,"column":71}},"18":{"start":{"line":19,"column":0},"end":{"line":19,"column":63}},"19":{"start":{"line":20,"column":0},"end":{"line":20,"column":52}},"20":{"start":{"line":21,"column":0},"end":{"line":21,"column":63}},"21":{"start":{"line":22,"column":0},"end":{"line":22,"column":75}},"22":{"start":{"line":23,"column":0},"end":{"line":23,"column":48}},"23":{"start":{"line":24,"column":0},"end":{"line":24,"column":42}},"24":{"start":{"line":25,"column":0},"end":{"line":25,"column":55}},"25":{"start":{"line":26,"column":0},"end":{"line":26,"column":63}},"26":{"start":{"line":27,"column":0},"end":{"line":27,"column":50}},"27":{"start":{"line":28,"column":0},"end":{"line":28,"column":65}},"28":{"start":{"line":29,"column":0},"end":{"line":29,"column":65}},"29":{"start":{"line":30,"column":0},"end":{"line":30,"column":38}},"30":{"start":{"line":31,"column":0},"end":{"line":31,"column":44}},"31":{"start":{"line":32,"column":0},"end":{"line":32,"column":61}},"32":{"start":{"line":33,"column":0},"end":{"line":33,"column":55}},"38":{"start":{"line":39,"column":0},"end":{"line":39,"column":16}},"39":{"start":{"line":40,"column":0},"end":{"line":40,"column":32}},"40":{"start":{"line":41,"column":0},"end":{"line":41,"column":44}},"41":{"start":{"line":42,"column":0},"end":{"line":42,"column":32}},"44":{"start":{"line":45,"column":0},"end":{"line":45,"column":18}},"45":{"start":{"line":46,"column":0},"end":{"line":46,"column":40}},"47":{"start":{"line":48,"column":0},"end":{"line":48,"column":22}},"48":{"start":{"line":49,"column":0},"end":{"line":49,"column":46}},"49":{"start":{"line":50,"column":0},"end":{"line":50,"column":10}},"50":{"start":{"line":51,"column":0},"end":{"line":51,"column":37}},"55":{"start":{"line":56,"column":0},"end":{"line":56,"column":46}},"56":{"start":{"line":57,"column":0},"end":{"line":57,"column":66}},"57":{"start":{"line":58,"column":0},"end":{"line":58,"column":3}},"62":{"start":{"line":63,"column":0},"end":{"line":63,"column":48}},"63":{"start":{"line":64,"column":0},"end":{"line":64,"column":69}},"64":{"start":{"line":65,"column":0},"end":{"line":65,"column":3}},"69":{"start":{"line":70,"column":0},"end":{"line":70,"column":37}},"70":{"start":{"line":71,"column":0},"end":{"line":71,"column":69}},"71":{"start":{"line":72,"column":0},"end":{"line":72,"column":22}},"72":{"start":{"line":73,"column":0},"end":{"line":73,"column":3}},"75":{"start":{"line":76,"column":0},"end":{"line":76,"column":68}},"78":{"start":{"line":79,"column":0},"end":{"line":79,"column":41}},"80":{"start":{"line":81,"column":0},"end":{"line":81,"column":9}},"81":{"start":{"line":82,"column":0},"end":{"line":82,"column":46}},"82":{"start":{"line":83,"column":0},"end":{"line":83,"column":30}},"83":{"start":{"line":84,"column":0},"end":{"line":84,"column":11}},"84":{"start":{"line":85,"column":0},"end":{"line":85,"column":31}},"85":{"start":{"line":86,"column":0},"end":{"line":86,"column":12}},"86":{"start":{"line":87,"column":0},"end":{"line":87,"column":8}},"88":{"start":{"line":89,"column":0},"end":{"line":89,"column":1}},"94":{"start":{"line":95,"column":0},"end":{"line":95,"column":30}},"95":{"start":{"line":96,"column":0},"end":{"line":96,"column":9}},"97":{"start":{"line":98,"column":0},"end":{"line":98,"column":65}},"98":{"start":{"line":99,"column":0},"end":{"line":99,"column":65}},"99":{"start":{"line":100,"column":0},"end":{"line":100,"column":79}},"102":{"start":{"line":103,"column":0},"end":{"line":103,"column":88}},"103":{"start":{"line":104,"column":0},"end":{"line":104,"column":91}},"106":{"start":{"line":107,"column":0},"end":{"line":107,"column":85}},"109":{"start":{"line":110,"column":0},"end":{"line":110,"column":65}},"110":{"start":{"line":111,"column":0},"end":{"line":111,"column":81}},"111":{"start":{"line":112,"column":0},"end":{"line":112,"column":90}},"112":{"start":{"line":113,"column":0},"end":{"line":113,"column":98}},"113":{"start":{"line":114,"column":0},"end":{"line":114,"column":70}},"116":{"start":{"line":117,"column":0},"end":{"line":117,"column":92}},"117":{"start":{"line":118,"column":0},"end":{"line":118,"column":103}},"120":{"start":{"line":121,"column":0},"end":{"line":121,"column":92}},"121":{"start":{"line":122,"column":0},"end":{"line":122,"column":74}},"122":{"start":{"line":123,"column":0},"end":{"line":123,"column":96}},"123":{"start":{"line":124,"column":0},"end":{"line":124,"column":79}},"124":{"start":{"line":125,"column":0},"end":{"line":125,"column":86}},"125":{"start":{"line":126,"column":0},"end":{"line":126,"column":92}},"126":{"start":{"line":127,"column":0},"end":{"line":127,"column":83}},"128":{"start":{"line":129,"column":0},"end":{"line":129,"column":65}},"129":{"start":{"line":130,"column":0},"end":{"line":130,"column":3}},"130":{"start":{"line":131,"column":0},"end":{"line":131,"column":1}},"137":{"start":{"line":138,"column":0},"end":{"line":138,"column":36}},"138":{"start":{"line":139,"column":0},"end":{"line":139,"column":36}},"139":{"start":{"line":140,"column":0},"end":{"line":140,"column":8}},"140":{"start":{"line":141,"column":0},"end":{"line":141,"column":19}},"141":{"start":{"line":142,"column":0},"end":{"line":142,"column":20}},"142":{"start":{"line":143,"column":0},"end":{"line":143,"column":12}},"143":{"start":{"line":144,"column":0},"end":{"line":144,"column":23}},"144":{"start":{"line":145,"column":0},"end":{"line":145,"column":18}},"146":{"start":{"line":147,"column":0},"end":{"line":147,"column":63}},"149":{"start":{"line":150,"column":0},"end":{"line":150,"column":4}},"150":{"start":{"line":151,"column":0},"end":{"line":151,"column":4}},"151":{"start":{"line":152,"column":0},"end":{"line":152,"column":1}},"153":{"start":{"line":154,"column":0},"end":{"line":154,"column":19}}},"s":{"4":1,"5":1,"6":1,"7":1,"10":1,"11":1,"14":1,"15":1,"16":1,"17":1,"18":1,"19":1,"20":1,"21":1,"22":1,"23":1,"24":1,"25":1,"26":1,"27":1,"28":1,"29":1,"30":1,"31":1,"32":1,"38":10,"39":10,"40":10,"41":10,"44":10,"45":10,"47":10,"48":10,"49":10,"50":10,"55":10,"56":10,"57":10,"62":10,"63":10,"64":10,"69":10,"70":1,"71":1,"72":1,"75":10,"78":10,"80":10,"81":10,"82":10,"83":10,"84":10,"85":10,"86":10,"88":10,"94":10,"95":10,"97":10,"98":10,"99":10,"102":10,"103":10,"106":10,"109":10,"110":10,"111":10,"112":10,"113":10,"116":10,"117":10,"120":10,"121":10,"122":10,"123":10,"124":10,"125":10,"126":10,"128":10,"129":10,"130":10,"137":10,"138":10,"139":210,"140":210,"141":210,"142":210,"143":210,"144":10,"146":200,"149":210,"150":10,"151":10,"153":1},"branchMap":{"0":{"type":"branch","line":39,"loc":{"start":{"line":39,"column":0},"end":{"line":89,"column":1}},"locations":[{"start":{"line":39,"column":0},"end":{"line":89,"column":1}}]},"1":{"type":"branch","line":83,"loc":{"start":{"line":83,"column":5},"end":{"line":83,"column":30}},"locations":[{"start":{"line":83,"column":5},"end":{"line":83,"column":30}}]},"2":{"type":"branch","line":45,"loc":{"start":{"line":45,"column":11},"end":{"line":51,"column":7}},"locations":[{"start":{"line":45,"column":11},"end":{"line":51,"column":7}}]},"3":{"type":"branch","line":48,"loc":{"start":{"line":48,"column":15},"end":{"line":50,"column":10}},"locations":[{"start":{"line":48,"column":15},"end":{"line":50,"column":10}}]},"4":{"type":"branch","line":56,"loc":{"start":{"line":56,"column":39},"end":{"line":58,"column":3}},"locations":[{"start":{"line":56,"column":39},"end":{"line":58,"column":3}}]},"5":{"type":"branch","line":63,"loc":{"start":{"line":63,"column":41},"end":{"line":65,"column":3}},"locations":[{"start":{"line":63,"column":41},"end":{"line":65,"column":3}}]},"6":{"type":"branch","line":70,"loc":{"start":{"line":70,"column":30},"end":{"line":73,"column":3}},"locations":[{"start":{"line":70,"column":30},"end":{"line":73,"column":3}}]},"7":{"type":"branch","line":95,"loc":{"start":{"line":95,"column":0},"end":{"line":131,"column":1}},"locations":[{"start":{"line":95,"column":0},"end":{"line":131,"column":1}}]},"8":{"type":"branch","line":138,"loc":{"start":{"line":138,"column":0},"end":{"line":152,"column":1}},"locations":[{"start":{"line":138,"column":0},"end":{"line":152,"column":1}}]},"9":{"type":"branch","line":139,"loc":{"start":{"line":139,"column":24},"end":{"line":150,"column":4}},"locations":[{"start":{"line":139,"column":24},"end":{"line":150,"column":4}}]},"10":{"type":"branch","line":144,"loc":{"start":{"line":144,"column":10},"end":{"line":145,"column":18}},"locations":[{"start":{"line":144,"column":10},"end":{"line":145,"column":18}}]},"11":{"type":"branch","line":145,"loc":{"start":{"line":145,"column":11},"end":{"line":147,"column":63}},"locations":[{"start":{"line":145,"column":11},"end":{"line":147,"column":63}}]}},"b":{"0":[10],"1":[9],"2":[10],"3":[10],"4":[10],"5":[10],"6":[1],"7":[10],"8":[10],"9":[210],"10":[10],"11":[200]},"fnMap":{"0":{"name":"App","decl":{"start":{"line":39,"column":0},"end":{"line":89,"column":1}},"loc":{"start":{"line":39,"column":0},"end":{"line":89,"column":1}},"line":39},"1":{"name":"setupSessionExpirationHandler","decl":{"start":{"line":56,"column":39},"end":{"line":58,"column":3}},"loc":{"start":{"line":56,"column":39},"end":{"line":58,"column":3}},"line":56},"2":{"name":"cleanupSessionExpirationHandler","decl":{"start":{"line":63,"column":41},"end":{"line":65,"column":3}},"loc":{"start":{"line":63,"column":41},"end":{"line":65,"column":3}},"line":63},"3":{"name":"handleSessionExpired","decl":{"start":{"line":70,"column":30},"end":{"line":73,"column":3}},"loc":{"start":{"line":70,"column":30},"end":{"line":73,"column":3}},"line":70},"4":{"name":"defineRouteConfig","decl":{"start":{"line":95,"column":0},"end":{"line":131,"column":1}},"loc":{"start":{"line":95,"column":0},"end":{"line":131,"column":1}},"line":95},"5":{"name":"renderRoutes","decl":{"start":{"line":138,"column":0},"end":{"line":152,"column":1}},"loc":{"start":{"line":138,"column":0},"end":{"line":152,"column":1}},"line":138}},"f":{"0":10,"1":10,"2":10,"3":1,"4":10,"5":10}}
,"C:\\Users\\nayel\\Desktop\\dodo_project\\frontend\\src\\firebase.js": {"path":"C:\\Users\\nayel\\Desktop\\dodo_project\\frontend\\src\\firebase.js","all":false,"statementMap":{"0":{"start":{"line":1,"column":0},"end":{"line":1,"column":3}},"1":{"start":{"line":2,"column":0},"end":{"line":2,"column":25}},"2":{"start":{"line":3,"column":0},"end":{"line":3,"column":52}},"3":{"start":{"line":4,"column":0},"end":{"line":4,"column":3}},"4":{"start":{"line":5,"column":0},"end":{"line":5,"column":45}},"5":{"start":{"line":6,"column":0},"end":{"line":6,"column":40}},"6":{"start":{"line":7,"column":0},"end":{"line":7,"column":0}},"7":{"start":{"line":8,"column":0},"end":{"line":8,"column":3}},"8":{"start":{"line":9,"column":0},"end":{"line":9,"column":59}},"9":{"start":{"line":10,"column":0},"end":{"line":10,"column":3}},"10":{"start":{"line":11,"column":0},"end":{"line":11,"column":43}},"11":{"start":{"line":12,"column":0},"end":{"line":12,"column":0}},"12":{"start":{"line":13,"column":0},"end":{"line":13,"column":3}},"13":{"start":{"line":14,"column":0},"end":{"line":14,"column":43}},"14":{"start":{"line":15,"column":0},"end":{"line":15,"column":3}},"15":{"start":{"line":16,"column":0},"end":{"line":16,"column":42}},"16":{"start":{"line":17,"column":0},"end":{"line":17,"column":0}},"17":{"start":{"line":18,"column":0},"end":{"line":18,"column":3}},"18":{"start":{"line":19,"column":0},"end":{"line":19,"column":37}},"19":{"start":{"line":20,"column":0},"end":{"line":20,"column":3}},"20":{"start":{"line":21,"column":0},"end":{"line":21,"column":26}},"21":{"start":{"line":22,"column":0},"end":{"line":22,"column":0}},"22":{"start":{"line":23,"column":0},"end":{"line":23,"column":3}},"23":{"start":{"line":24,"column":0},"end":{"line":24,"column":57}},"24":{"start":{"line":25,"column":0},"end":{"line":25,"column":50}},"25":{"start":{"line":26,"column":0},"end":{"line":26,"column":3}},"26":{"start":{"line":27,"column":0},"end":{"line":27,"column":30}},"27":{"start":{"line":28,"column":0},"end":{"line":28,"column":10}},"28":{"start":{"line":29,"column":0},"end":{"line":29,"column":50}},"29":{"start":{"line":30,"column":0},"end":{"line":30,"column":58}},"30":{"start":{"line":31,"column":0},"end":{"line":31,"column":56}},"31":{"start":{"line":32,"column":0},"end":{"line":32,"column":64}},"32":{"start":{"line":33,"column":0},"end":{"line":33,"column":73}},"33":{"start":{"line":34,"column":0},"end":{"line":34,"column":47}},"34":{"start":{"line":35,"column":0},"end":{"line":35,"column":4}},"35":{"start":{"line":36,"column":0},"end":{"line":36,"column":1}},"36":{"start":{"line":37,"column":0},"end":{"line":37,"column":0}}},"s":{"0":1,"1":1,"2":1,"3":1,"4":1,"5":1,"6":1,"7":1,"8":1,"9":1,"10":1,"11":1,"12":1,"13":1,"14":1,"15":1,"16":1,"17":1,"18":1,"19":1,"20":1,"21":1,"22":1,"23":1,"24":1,"25":1,"26":9,"27":9,"28":9,"29":9,"30":9,"31":9,"32":9,"33":9,"34":9,"35":9,"36":1},"branchMap":{"0":{"type":"branch","line":27,"loc":{"start":{"line":27,"column":0},"end":{"line":36,"column":1}},"locations":[{"start":{"line":27,"column":0},"end":{"line":36,"column":1}}]}},"b":{"0":[9]},"fnMap":{"0":{"name":"getFirebaseConfig","decl":{"start":{"line":27,"column":0},"end":{"line":36,"column":1}},"loc":{"start":{"line":27,"column":0},"end":{"line":36,"column":1}},"line":27}},"f":{"0":9}}
,"C:\\Users\\nayel\\Desktop\\dodo_project\\frontend\\src\\main.jsx": {"path":"C:\\Users\\nayel\\Desktop\\dodo_project\\frontend\\src\\main.jsx","all":false,"statementMap":{"4":{"start":{"line":5,"column":0},"end":{"line":5,"column":35}},"5":{"start":{"line":6,"column":0},"end":{"line":6,"column":46}},"6":{"start":{"line":7,"column":0},"end":{"line":7,"column":49}},"7":{"start":{"line":8,"column":0},"end":{"line":8,"column":70}},"8":{"start":{"line":9,"column":0},"end":{"line":9,"column":28}},"9":{"start":{"line":10,"column":0},"end":{"line":10,"column":21}},"14":{"start":{"line":15,"column":0},"end":{"line":15,"column":24}},"15":{"start":{"line":16,"column":0},"end":{"line":16,"column":54}},"16":{"start":{"line":17,"column":0},"end":{"line":17,"column":39}},"18":{"start":{"line":19,"column":0},"end":{"line":19,"column":14}},"19":{"start":{"line":20,"column":0},"end":{"line":20,"column":16}},"20":{"start":{"line":21,"column":0},"end":{"line":21,"column":21}},"21":{"start":{"line":22,"column":0},"end":{"line":22,"column":30}},"22":{"start":{"line":23,"column":0},"end":{"line":23,"column":17}},"23":{"start":{"line":24,"column":0},"end":{"line":24,"column":31}},"24":{"start":{"line":25,"column":0},"end":{"line":25,"column":22}},"25":{"start":{"line":26,"column":0},"end":{"line":26,"column":17}},"26":{"start":{"line":27,"column":0},"end":{"line":27,"column":4}},"27":{"start":{"line":28,"column":0},"end":{"line":28,"column":2}},"30":{"start":{"line":31,"column":0},"end":{"line":31,"column":11}}},"s":{"4":1,"5":1,"6":1,"7":1,"8":1,"9":1,"14":1,"15":1,"16":1,"18":1,"19":1,"20":1,"21":1,"22":1,"23":1,"24":1,"25":1,"26":1,"27":1,"30":1},"branchMap":{"0":{"type":"branch","line":15,"loc":{"start":{"line":15,"column":17},"end":{"line":28,"column":2}},"locations":[{"start":{"line":15,"column":17},"end":{"line":28,"column":2}}]}},"b":{"0":[1]},"fnMap":{"0":{"name":"mountApp","decl":{"start":{"line":15,"column":17},"end":{"line":28,"column":2}},"loc":{"start":{"line":15,"column":17},"end":{"line":28,"column":2}},"line":15}},"f":{"0":1}}
,"C:\\Users\\nayel\\Desktop\\dodo_project\\frontend\\src\\components\\Activity.jsx": {"path":"C:\\Users\\nayel\\Desktop\\dodo_project\\frontend\\src\\components\\Activity.jsx","all":false,"statementMap":{"8":{"start":{"line":9,"column":0},"end":{"line":9,"column":51}},"9":{"start":{"line":10,"column":0},"end":{"line":10,"column":76}},"10":{"start":{"line":11,"column":0},"end":{"line":11,"column":50}},"11":{"start":{"line":12,"column":0},"end":{"line":12,"column":46}},"12":{"start":{"line":13,"column":0},"end":{"line":13,"column":47}},"13":{"start":{"line":14,"column":0},"end":{"line":14,"column":34}},"14":{"start":{"line":15,"column":0},"end":{"line":15,"column":38}},"15":{"start":{"line":16,"column":0},"end":{"line":16,"column":39}},"16":{"start":{"line":17,"column":0},"end":{"line":17,"column":43}},"17":{"start":{"line":18,"column":0},"end":{"line":18,"column":66}},"19":{"start":{"line":20,"column":0},"end":{"line":20,"column":43}},"21":{"start":{"line":22,"column":0},"end":{"line":22,"column":55}},"22":{"start":{"line":23,"column":0},"end":{"line":23,"column":95}},"23":{"start":{"line":24,"column":0},"end":{"line":24,"column":69}},"24":{"start":{"line":25,"column":0},"end":{"line":25,"column":62}},"25":{"start":{"line":26,"column":0},"end":{"line":26,"column":50}},"26":{"start":{"line":27,"column":0},"end":{"line":27,"column":52}},"27":{"start":{"line":28,"column":0},"end":{"line":28,"column":52}},"28":{"start":{"line":29,"column":0},"end":{"line":29,"column":80}},"29":{"start":{"line":30,"column":0},"end":{"line":30,"column":25}},"30":{"start":{"line":31,"column":0},"end":{"line":31,"column":33}},"33":{"start":{"line":34,"column":0},"end":{"line":34,"column":19}},"34":{"start":{"line":35,"column":0},"end":{"line":35,"column":24}},"35":{"start":{"line":36,"column":0},"end":{"line":36,"column":15}},"37":{"start":{"line":38,"column":0},"end":{"line":38,"column":19}},"39":{"start":{"line":40,"column":0},"end":{"line":40,"column":49}},"40":{"start":{"line":41,"column":0},"end":{"line":41,"column":70}},"41":{"start":{"line":42,"column":0},"end":{"line":42,"column":6}},"42":{"start":{"line":43,"column":0},"end":{"line":43,"column":38}},"43":{"start":{"line":44,"column":0},"end":{"line":44,"column":34}},"46":{"start":{"line":47,"column":0},"end":{"line":47,"column":41}},"47":{"start":{"line":48,"column":0},"end":{"line":48,"column":9}},"48":{"start":{"line":49,"column":0},"end":{"line":49,"column":64}},"49":{"start":{"line":50,"column":0},"end":{"line":50,"column":36}},"50":{"start":{"line":51,"column":0},"end":{"line":51,"column":80}},"51":{"start":{"line":52,"column":0},"end":{"line":52,"column":47}},"52":{"start":{"line":53,"column":0},"end":{"line":53,"column":84}},"53":{"start":{"line":54,"column":0},"end":{"line":54,"column":85}},"54":{"start":{"line":55,"column":0},"end":{"line":55,"column":21}},"55":{"start":{"line":56,"column":0},"end":{"line":56,"column":59}},"56":{"start":{"line":57,"column":0},"end":{"line":57,"column":5}},"57":{"start":{"line":58,"column":0},"end":{"line":58,"column":4}},"60":{"start":{"line":61,"column":0},"end":{"line":61,"column":45}},"61":{"start":{"line":62,"column":0},"end":{"line":62,"column":29}},"62":{"start":{"line":63,"column":0},"end":{"line":63,"column":4}},"64":{"start":{"line":65,"column":0},"end":{"line":65,"column":35}},"65":{"start":{"line":66,"column":0},"end":{"line":66,"column":53}},"66":{"start":{"line":67,"column":0},"end":{"line":67,"column":4}},"69":{"start":{"line":70,"column":0},"end":{"line":70,"column":74}},"70":{"start":{"line":71,"column":0},"end":{"line":71,"column":44}},"71":{"start":{"line":72,"column":0},"end":{"line":72,"column":81}},"74":{"start":{"line":75,"column":0},"end":{"line":75,"column":10}},"75":{"start":{"line":76,"column":0},"end":{"line":76,"column":43}},"76":{"start":{"line":77,"column":0},"end":{"line":77,"column":68}},"78":{"start":{"line":79,"column":0},"end":{"line":79,"column":82}},"81":{"start":{"line":82,"column":0},"end":{"line":82,"column":18}},"82":{"start":{"line":83,"column":0},"end":{"line":83,"column":50}},"83":{"start":{"line":84,"column":0},"end":{"line":84,"column":102}},"84":{"start":{"line":85,"column":0},"end":{"line":85,"column":82}},"85":{"start":{"line":86,"column":0},"end":{"line":86,"column":71}},"86":{"start":{"line":87,"column":0},"end":{"line":87,"column":18}},"87":{"start":{"line":88,"column":0},"end":{"line":88,"column":101}},"88":{"start":{"line":89,"column":0},"end":{"line":89,"column":75}},"89":{"start":{"line":90,"column":0},"end":{"line":90,"column":65}},"90":{"start":{"line":91,"column":0},"end":{"line":91,"column":18}},"91":{"start":{"line":92,"column":0},"end":{"line":92,"column":103}},"92":{"start":{"line":93,"column":0},"end":{"line":93,"column":76}},"93":{"start":{"line":94,"column":0},"end":{"line":94,"column":66}},"94":{"start":{"line":95,"column":0},"end":{"line":95,"column":18}},"95":{"start":{"line":96,"column":0},"end":{"line":96,"column":16}},"96":{"start":{"line":97,"column":0},"end":{"line":97,"column":19}},"99":{"start":{"line":100,"column":0},"end":{"line":100,"column":35}},"100":{"start":{"line":101,"column":0},"end":{"line":101,"column":66}},"101":{"start":{"line":102,"column":0},"end":{"line":102,"column":69}},"102":{"start":{"line":103,"column":0},"end":{"line":103,"column":63}},"103":{"start":{"line":104,"column":0},"end":{"line":104,"column":17}},"104":{"start":{"line":105,"column":0},"end":{"line":105,"column":121}},"106":{"start":{"line":107,"column":0},"end":{"line":107,"column":21}},"107":{"start":{"line":108,"column":0},"end":{"line":108,"column":53}},"108":{"start":{"line":109,"column":0},"end":{"line":109,"column":136}},"110":{"start":{"line":111,"column":0},"end":{"line":111,"column":45}},"112":{"start":{"line":113,"column":0},"end":{"line":113,"column":23}},"115":{"start":{"line":116,"column":0},"end":{"line":116,"column":24}},"116":{"start":{"line":117,"column":0},"end":{"line":117,"column":52}},"117":{"start":{"line":118,"column":0},"end":{"line":118,"column":61}},"118":{"start":{"line":119,"column":0},"end":{"line":119,"column":39}},"119":{"start":{"line":120,"column":0},"end":{"line":120,"column":16}},"120":{"start":{"line":121,"column":0},"end":{"line":121,"column":18}},"121":{"start":{"line":122,"column":0},"end":{"line":122,"column":16}},"122":{"start":{"line":123,"column":0},"end":{"line":123,"column":27}},"123":{"start":{"line":124,"column":0},"end":{"line":124,"column":54}},"124":{"start":{"line":125,"column":0},"end":{"line":125,"column":21}},"125":{"start":{"line":126,"column":0},"end":{"line":126,"column":22}},"126":{"start":{"line":127,"column":0},"end":{"line":127,"column":41}},"127":{"start":{"line":128,"column":0},"end":{"line":128,"column":59}},"128":{"start":{"line":129,"column":0},"end":{"line":129,"column":25}},"129":{"start":{"line":130,"column":0},"end":{"line":130,"column":16}},"130":{"start":{"line":131,"column":0},"end":{"line":131,"column":12}},"131":{"start":{"line":132,"column":0},"end":{"line":132,"column":77}},"132":{"start":{"line":133,"column":0},"end":{"line":133,"column":19}},"133":{"start":{"line":134,"column":0},"end":{"line":134,"column":23}},"134":{"start":{"line":135,"column":0},"end":{"line":135,"column":31}},"135":{"start":{"line":136,"column":0},"end":{"line":136,"column":48}},"136":{"start":{"line":137,"column":0},"end":{"line":137,"column":78}},"137":{"start":{"line":138,"column":0},"end":{"line":138,"column":10}},"138":{"start":{"line":139,"column":0},"end":{"line":139,"column":12}},"139":{"start":{"line":140,"column":0},"end":{"line":140,"column":10}},"141":{"start":{"line":142,"column":0},"end":{"line":142,"column":2}},"143":{"start":{"line":144,"column":0},"end":{"line":144,"column":33}}},"s":{"8":1,"9":1,"10":1,"11":1,"12":1,"13":1,"14":1,"15":1,"16":1,"17":1,"19":1,"21":16,"22":16,"23":16,"24":16,"25":16,"26":16,"27":16,"28":16,"29":16,"30":16,"33":16,"34":3,"35":16,"37":16,"39":7,"40":12,"41":7,"42":7,"43":16,"46":16,"47":3,"48":3,"49":3,"50":3,"51":3,"52":3,"53":3,"54":3,"55":0,"56":0,"57":3,"60":16,"61":0,"62":0,"64":16,"65":1,"66":1,"69":16,"70":16,"71":16,"74":16,"75":16,"76":16,"78":16,"81":16,"82":16,"83":16,"84":16,"85":16,"86":16,"87":16,"88":16,"89":16,"90":16,"91":16,"92":16,"93":16,"94":16,"95":16,"96":16,"99":16,"100":16,"101":16,"102":16,"103":16,"104":16,"106":16,"107":16,"108":16,"110":16,"112":16,"115":16,"116":16,"117":16,"118":16,"119":16,"120":16,"121":16,"122":16,"123":16,"124":25,"125":25,"126":25,"127":9,"128":16,"129":16,"130":16,"131":16,"132":16,"133":16,"134":16,"135":16,"136":16,"137":16,"138":16,"139":16,"141":16,"143":1},"branchMap":{"0":{"type":"branch","line":20,"loc":{"start":{"line":20,"column":26},"end":{"line":142,"column":2}},"locations":[{"start":{"line":20,"column":26},"end":{"line":142,"column":2}}]},"1":{"type":"branch","line":34,"loc":{"start":{"line":34,"column":12},"end":{"line":36,"column":5}},"locations":[{"start":{"line":34,"column":12},"end":{"line":36,"column":5}}]},"2":{"type":"branch","line":38,"loc":{"start":{"line":38,"column":12},"end":{"line":44,"column":5}},"locations":[{"start":{"line":38,"column":12},"end":{"line":44,"column":5}}]},"3":{"type":"branch","line":40,"loc":{"start":{"line":40,"column":41},"end":{"line":41,"column":70}},"locations":[{"start":{"line":40,"column":41},"end":{"line":41,"column":70}}]},"4":{"type":"branch","line":47,"loc":{"start":{"line":47,"column":28},"end":{"line":58,"column":4}},"locations":[{"start":{"line":47,"column":28},"end":{"line":58,"column":4}}]},"5":{"type":"branch","line":55,"loc":{"start":{"line":55,"column":4},"end":{"line":57,"column":5}},"locations":[{"start":{"line":55,"column":4},"end":{"line":57,"column":5}}]},"6":{"type":"branch","line":53,"loc":{"start":{"line":53,"column":40},"end":{"line":53,"column":74}},"locations":[{"start":{"line":53,"column":40},"end":{"line":53,"column":74}}]},"7":{"type":"branch","line":54,"loc":{"start":{"line":54,"column":41},"end":{"line":54,"column":75}},"locations":[{"start":{"line":54,"column":41},"end":{"line":54,"column":75}}]},"8":{"type":"branch","line":65,"loc":{"start":{"line":65,"column":23},"end":{"line":67,"column":4}},"locations":[{"start":{"line":65,"column":23},"end":{"line":67,"column":4}}]},"9":{"type":"branch","line":108,"loc":{"start":{"line":108,"column":25},"end":{"line":108,"column":53}},"locations":[{"start":{"line":108,"column":25},"end":{"line":108,"column":53}}]},"10":{"type":"branch","line":124,"loc":{"start":{"line":124,"column":43},"end":{"line":130,"column":14}},"locations":[{"start":{"line":124,"column":43},"end":{"line":130,"column":14}}]},"11":{"type":"branch","line":127,"loc":{"start":{"line":127,"column":31},"end":{"line":128,"column":59}},"locations":[{"start":{"line":127,"column":31},"end":{"line":128,"column":59}}]},"12":{"type":"branch","line":128,"loc":{"start":{"line":128,"column":58},"end":{"line":129,"column":25}},"locations":[{"start":{"line":128,"column":58},"end":{"line":129,"column":25}}]},"13":{"type":"branch","line":136,"loc":{"start":{"line":136,"column":19},"end":{"line":136,"column":48}},"locations":[{"start":{"line":136,"column":19},"end":{"line":136,"column":48}}]}},"b":{"0":[16],"1":[3],"2":[7],"3":[12],"4":[3],"5":[0],"6":[9],"7":[9],"8":[1],"9":[1],"10":[25],"11":[9],"12":[16],"13":[1]},"fnMap":{"0":{"name":"ApplicantActivity","decl":{"start":{"line":20,"column":26},"end":{"line":142,"column":2}},"loc":{"start":{"line":20,"column":26},"end":{"line":142,"column":2}},"line":20},"1":{"name":"fetchApplications","decl":{"start":{"line":47,"column":28},"end":{"line":58,"column":4}},"loc":{"start":{"line":47,"column":28},"end":{"line":58,"column":4}},"line":47},"2":{"name":"handlePageClick","decl":{"start":{"line":61,"column":26},"end":{"line":63,"column":4}},"loc":{"start":{"line":61,"column":26},"end":{"line":63,"column":4}},"line":61},"3":{"name":"handleSearch","decl":{"start":{"line":65,"column":23},"end":{"line":67,"column":4}},"loc":{"start":{"line":65,"column":23},"end":{"line":67,"column":4}},"line":65},"4":{"name":"onClick","decl":{"start":{"line":108,"column":25},"end":{"line":108,"column":53}},"loc":{"start":{"line":108,"column":25},"end":{"line":108,"column":53}},"line":108},"5":{"name":"onClick","decl":{"start":{"line":128,"column":20},"end":{"line":128,"column":59}},"loc":{"start":{"line":128,"column":20},"end":{"line":128,"column":59}},"line":128},"6":{"name":"onClose","decl":{"start":{"line":136,"column":19},"end":{"line":136,"column":48}},"loc":{"start":{"line":136,"column":19},"end":{"line":136,"column":48}},"line":136},"7":{"name":"applyFilters","decl":{"start":{"line":137,"column":24},"end":{"line":137,"column":78}},"loc":{"start":{"line":137,"column":24},"end":{"line":137,"column":78}},"line":137}},"f":{"0":16,"1":3,"2":0,"3":1,"4":1,"5":0,"6":1,"7":0}}
,"C:\\Users\\nayel\\Desktop\\dodo_project\\frontend\\src\\components\\ApplicationCards.jsx": {"path":"C:\\Users\\nayel\\Desktop\\dodo_project\\frontend\\src\\components\\ApplicationCards.jsx","all":false,"statementMap":{"8":{"start":{"line":9,"column":0},"end":{"line":9,"column":26}},"9":{"start":{"line":10,"column":0},"end":{"line":10,"column":47}},"10":{"start":{"line":11,"column":0},"end":{"line":11,"column":40}},"12":{"start":{"line":13,"column":0},"end":{"line":13,"column":48}},"14":{"start":{"line":15,"column":0},"end":{"line":15,"column":33}},"22":{"start":{"line":23,"column":0},"end":{"line":23,"column":36}},"23":{"start":{"line":24,"column":0},"end":{"line":24,"column":36}},"24":{"start":{"line":25,"column":0},"end":{"line":25,"column":40}},"25":{"start":{"line":26,"column":0},"end":{"line":26,"column":12}},"26":{"start":{"line":27,"column":0},"end":{"line":27,"column":48}},"27":{"start":{"line":28,"column":0},"end":{"line":28,"column":5}},"28":{"start":{"line":29,"column":0},"end":{"line":29,"column":4}},"35":{"start":{"line":36,"column":0},"end":{"line":36,"column":32}},"36":{"start":{"line":37,"column":0},"end":{"line":37,"column":12}},"37":{"start":{"line":38,"column":0},"end":{"line":38,"column":50}},"38":{"start":{"line":39,"column":0},"end":{"line":39,"column":23}},"39":{"start":{"line":40,"column":0},"end":{"line":40,"column":25}},"40":{"start":{"line":41,"column":0},"end":{"line":41,"column":24}},"41":{"start":{"line":42,"column":0},"end":{"line":42,"column":10}},"42":{"start":{"line":43,"column":0},"end":{"line":43,"column":11}},"43":{"start":{"line":44,"column":0},"end":{"line":44,"column":50}},"44":{"start":{"line":45,"column":0},"end":{"line":45,"column":24}},"45":{"start":{"line":46,"column":0},"end":{"line":46,"column":26}},"46":{"start":{"line":47,"column":0},"end":{"line":47,"column":8}},"48":{"start":{"line":49,"column":0},"end":{"line":49,"column":4}},"51":{"start":{"line":52,"column":0},"end":{"line":52,"column":10}},"52":{"start":{"line":53,"column":0},"end":{"line":53,"column":31}},"53":{"start":{"line":54,"column":0},"end":{"line":54,"column":34}},"54":{"start":{"line":55,"column":0},"end":{"line":55,"column":12}},"55":{"start":{"line":56,"column":0},"end":{"line":56,"column":23}},"56":{"start":{"line":57,"column":0},"end":{"line":57,"column":145}},"57":{"start":{"line":58,"column":0},"end":{"line":58,"column":46}},"59":{"start":{"line":60,"column":0},"end":{"line":60,"column":34}},"60":{"start":{"line":61,"column":0},"end":{"line":61,"column":65}},"61":{"start":{"line":62,"column":0},"end":{"line":62,"column":48}},"62":{"start":{"line":63,"column":0},"end":{"line":63,"column":17}},"63":{"start":{"line":64,"column":0},"end":{"line":64,"column":54}},"64":{"start":{"line":65,"column":0},"end":{"line":65,"column":53}},"65":{"start":{"line":66,"column":0},"end":{"line":66,"column":16}},"66":{"start":{"line":67,"column":0},"end":{"line":67,"column":49}},"67":{"start":{"line":68,"column":0},"end":{"line":68,"column":71}},"68":{"start":{"line":69,"column":0},"end":{"line":69,"column":16}},"69":{"start":{"line":70,"column":0},"end":{"line":70,"column":16}},"70":{"start":{"line":71,"column":0},"end":{"line":71,"column":22}},"71":{"start":{"line":72,"column":0},"end":{"line":72,"column":31}},"72":{"start":{"line":73,"column":0},"end":{"line":73,"column":27}},"73":{"start":{"line":74,"column":0},"end":{"line":74,"column":30}},"74":{"start":{"line":75,"column":0},"end":{"line":75,"column":32}},"75":{"start":{"line":76,"column":0},"end":{"line":76,"column":12}},"76":{"start":{"line":77,"column":0},"end":{"line":77,"column":14}},"77":{"start":{"line":78,"column":0},"end":{"line":78,"column":9}},"78":{"start":{"line":79,"column":0},"end":{"line":79,"column":10}},"80":{"start":{"line":81,"column":0},"end":{"line":81,"column":2}},"82":{"start":{"line":83,"column":0},"end":{"line":83,"column":32}}},"s":{"8":1,"9":1,"10":1,"12":1,"14":20,"22":20,"23":2,"24":1,"25":1,"26":1,"27":1,"28":2,"35":20,"36":32,"37":32,"38":32,"39":32,"40":32,"41":32,"42":32,"43":32,"44":32,"45":32,"46":32,"48":32,"51":20,"52":20,"53":20,"54":32,"55":32,"56":32,"57":32,"59":32,"60":32,"61":32,"62":32,"63":32,"64":32,"65":32,"66":32,"67":32,"68":32,"69":32,"70":32,"71":32,"72":32,"73":32,"74":32,"75":32,"76":32,"77":20,"78":20,"80":20,"82":1},"branchMap":{"0":{"type":"branch","line":13,"loc":{"start":{"line":13,"column":25},"end":{"line":81,"column":2}},"locations":[{"start":{"line":13,"column":25},"end":{"line":81,"column":2}}]},"1":{"type":"branch","line":23,"loc":{"start":{"line":23,"column":26},"end":{"line":29,"column":4}},"locations":[{"start":{"line":23,"column":26},"end":{"line":29,"column":4}}]},"2":{"type":"branch","line":24,"loc":{"start":{"line":24,"column":35},"end":{"line":28,"column":5}},"locations":[{"start":{"line":24,"column":35},"end":{"line":28,"column":5}}]},"3":{"type":"branch","line":36,"loc":{"start":{"line":36,"column":21},"end":{"line":49,"column":4}},"locations":[{"start":{"line":36,"column":21},"end":{"line":49,"column":4}}]},"4":{"type":"branch","line":54,"loc":{"start":{"line":54,"column":24},"end":{"line":77,"column":14}},"locations":[{"start":{"line":54,"column":24},"end":{"line":77,"column":14}}]},"5":{"type":"branch","line":62,"loc":{"start":{"line":62,"column":24},"end":{"line":62,"column":48}},"locations":[{"start":{"line":62,"column":24},"end":{"line":62,"column":48}}]},"6":{"type":"branch","line":65,"loc":{"start":{"line":65,"column":24},"end":{"line":65,"column":53}},"locations":[{"start":{"line":65,"column":24},"end":{"line":65,"column":53}}]},"7":{"type":"branch","line":58,"loc":{"start":{"line":58,"column":19},"end":{"line":58,"column":46}},"locations":[{"start":{"line":58,"column":19},"end":{"line":58,"column":46}}]}},"b":{"0":[20],"1":[2],"2":[1],"3":[32],"4":[32],"5":[1],"6":[26],"7":[2]},"fnMap":{"0":{"name":"ApplicationCards","decl":{"start":{"line":13,"column":25},"end":{"line":81,"column":2}},"loc":{"start":{"line":13,"column":25},"end":{"line":81,"column":2}},"line":13},"1":{"name":"handleCardClick","decl":{"start":{"line":23,"column":26},"end":{"line":29,"column":4}},"loc":{"start":{"line":23,"column":26},"end":{"line":29,"column":4}},"line":23},"2":{"name":"formatDate","decl":{"start":{"line":36,"column":21},"end":{"line":49,"column":4}},"loc":{"start":{"line":36,"column":21},"end":{"line":49,"column":4}},"line":36},"3":{"name":"onClick","decl":{"start":{"line":58,"column":19},"end":{"line":58,"column":46}},"loc":{"start":{"line":58,"column":19},"end":{"line":58,"column":46}},"line":58}},"f":{"0":20,"1":2,"2":32,"3":2}}
,"C:\\Users\\nayel\\Desktop\\dodo_project\\frontend\\src\\components\\ApplicationDetails.jsx": {"path":"C:\\Users\\nayel\\Desktop\\dodo_project\\frontend\\src\\components\\ApplicationDetails.jsx","all":false,"statementMap":{"9":{"start":{"line":10,"column":0},"end":{"line":10,"column":40}},"10":{"start":{"line":11,"column":0},"end":{"line":11,"column":34}},"11":{"start":{"line":12,"column":0},"end":{"line":12,"column":69}},"13":{"start":{"line":14,"column":0},"end":{"line":14,"column":29}},"14":{"start":{"line":15,"column":0},"end":{"line":15,"column":14}},"15":{"start":{"line":16,"column":0},"end":{"line":16,"column":12}},"16":{"start":{"line":17,"column":0},"end":{"line":17,"column":10}},"17":{"start":{"line":18,"column":0},"end":{"line":18,"column":17}},"18":{"start":{"line":19,"column":0},"end":{"line":19,"column":28}},"19":{"start":{"line":20,"column":0},"end":{"line":20,"column":7}},"21":{"start":{"line":22,"column":0},"end":{"line":22,"column":65}},"28":{"start":{"line":29,"column":0},"end":{"line":29,"column":42}},"29":{"start":{"line":30,"column":0},"end":{"line":30,"column":77}},"30":{"start":{"line":31,"column":0},"end":{"line":31,"column":4}},"33":{"start":{"line":34,"column":0},"end":{"line":34,"column":10}},"34":{"start":{"line":35,"column":0},"end":{"line":35,"column":9}},"36":{"start":{"line":37,"column":0},"end":{"line":37,"column":33}},"37":{"start":{"line":38,"column":0},"end":{"line":38,"column":70}},"38":{"start":{"line":39,"column":0},"end":{"line":39,"column":53}},"39":{"start":{"line":40,"column":0},"end":{"line":40,"column":13}},"40":{"start":{"line":41,"column":0},"end":{"line":41,"column":51}},"41":{"start":{"line":42,"column":0},"end":{"line":42,"column":97}},"42":{"start":{"line":43,"column":0},"end":{"line":43,"column":63}},"43":{"start":{"line":44,"column":0},"end":{"line":44,"column":14}},"44":{"start":{"line":45,"column":0},"end":{"line":45,"column":14}},"45":{"start":{"line":46,"column":0},"end":{"line":46,"column":17}},"48":{"start":{"line":49,"column":0},"end":{"line":49,"column":33}},"49":{"start":{"line":50,"column":0},"end":{"line":50,"column":70}},"50":{"start":{"line":51,"column":0},"end":{"line":51,"column":69}},"51":{"start":{"line":52,"column":0},"end":{"line":52,"column":13}},"52":{"start":{"line":53,"column":0},"end":{"line":53,"column":34}},"53":{"start":{"line":54,"column":0},"end":{"line":54,"column":37}},"54":{"start":{"line":55,"column":0},"end":{"line":55,"column":42}},"55":{"start":{"line":56,"column":0},"end":{"line":56,"column":42}},"56":{"start":{"line":57,"column":0},"end":{"line":57,"column":56}},"57":{"start":{"line":58,"column":0},"end":{"line":58,"column":16}},"58":{"start":{"line":59,"column":0},"end":{"line":59,"column":67}},"60":{"start":{"line":61,"column":0},"end":{"line":61,"column":22}},"61":{"start":{"line":62,"column":0},"end":{"line":62,"column":20}},"62":{"start":{"line":63,"column":0},"end":{"line":63,"column":36}},"63":{"start":{"line":64,"column":0},"end":{"line":64,"column":89}},"65":{"start":{"line":66,"column":0},"end":{"line":66,"column":25}},"66":{"start":{"line":67,"column":0},"end":{"line":67,"column":64}},"67":{"start":{"line":68,"column":0},"end":{"line":68,"column":107}},"69":{"start":{"line":70,"column":0},"end":{"line":70,"column":72}},"70":{"start":{"line":71,"column":0},"end":{"line":71,"column":45}},"71":{"start":{"line":72,"column":0},"end":{"line":72,"column":25}},"72":{"start":{"line":73,"column":0},"end":{"line":73,"column":27}},"73":{"start":{"line":74,"column":0},"end":{"line":74,"column":34}},"74":{"start":{"line":75,"column":0},"end":{"line":75,"column":50}},"75":{"start":{"line":76,"column":0},"end":{"line":76,"column":61}},"76":{"start":{"line":77,"column":0},"end":{"line":77,"column":68}},"77":{"start":{"line":78,"column":0},"end":{"line":78,"column":26}},"78":{"start":{"line":79,"column":0},"end":{"line":79,"column":26}},"80":{"start":{"line":81,"column":0},"end":{"line":81,"column":22}},"82":{"start":{"line":83,"column":0},"end":{"line":83,"column":15}},"83":{"start":{"line":84,"column":0},"end":{"line":84,"column":16}},"85":{"start":{"line":86,"column":0},"end":{"line":86,"column":46}},"87":{"start":{"line":88,"column":0},"end":{"line":88,"column":14}},"89":{"start":{"line":90,"column":0},"end":{"line":90,"column":17}},"92":{"start":{"line":93,"column":0},"end":{"line":93,"column":30}},"93":{"start":{"line":94,"column":0},"end":{"line":94,"column":35}},"94":{"start":{"line":95,"column":0},"end":{"line":95,"column":72}},"95":{"start":{"line":96,"column":0},"end":{"line":96,"column":55}},"96":{"start":{"line":97,"column":0},"end":{"line":97,"column":15}},"97":{"start":{"line":98,"column":0},"end":{"line":98,"column":41}},"98":{"start":{"line":99,"column":0},"end":{"line":99,"column":51}},"99":{"start":{"line":100,"column":0},"end":{"line":100,"column":39}},"100":{"start":{"line":101,"column":0},"end":{"line":101,"column":63}},"101":{"start":{"line":102,"column":0},"end":{"line":102,"column":67}},"102":{"start":{"line":103,"column":0},"end":{"line":103,"column":60}},"103":{"start":{"line":104,"column":0},"end":{"line":104,"column":18}},"104":{"start":{"line":105,"column":0},"end":{"line":105,"column":24}},"105":{"start":{"line":106,"column":0},"end":{"line":106,"column":22}},"106":{"start":{"line":107,"column":0},"end":{"line":107,"column":40}},"107":{"start":{"line":108,"column":0},"end":{"line":108,"column":64}},"109":{"start":{"line":110,"column":0},"end":{"line":110,"column":75}},"110":{"start":{"line":111,"column":0},"end":{"line":111,"column":40}},"111":{"start":{"line":112,"column":0},"end":{"line":112,"column":25}},"112":{"start":{"line":113,"column":0},"end":{"line":113,"column":54}},"113":{"start":{"line":114,"column":0},"end":{"line":114,"column":46}},"114":{"start":{"line":115,"column":0},"end":{"line":115,"column":24}},"115":{"start":{"line":116,"column":0},"end":{"line":116,"column":35}},"116":{"start":{"line":117,"column":0},"end":{"line":117,"column":27}},"117":{"start":{"line":118,"column":0},"end":{"line":118,"column":67}},"119":{"start":{"line":120,"column":0},"end":{"line":120,"column":29}},"120":{"start":{"line":121,"column":0},"end":{"line":121,"column":90}},"121":{"start":{"line":122,"column":0},"end":{"line":122,"column":51}},"122":{"start":{"line":123,"column":0},"end":{"line":123,"column":30}},"123":{"start":{"line":124,"column":0},"end":{"line":124,"column":66}},"124":{"start":{"line":125,"column":0},"end":{"line":125,"column":68}},"125":{"start":{"line":126,"column":0},"end":{"line":126,"column":28}},"126":{"start":{"line":127,"column":0},"end":{"line":127,"column":28}},"128":{"start":{"line":129,"column":0},"end":{"line":129,"column":58}},"130":{"start":{"line":131,"column":0},"end":{"line":131,"column":26}},"132":{"start":{"line":133,"column":0},"end":{"line":133,"column":24}},"134":{"start":{"line":135,"column":0},"end":{"line":135,"column":17}},"135":{"start":{"line":136,"column":0},"end":{"line":136,"column":18}},"137":{"start":{"line":138,"column":0},"end":{"line":138,"column":48}},"139":{"start":{"line":140,"column":0},"end":{"line":140,"column":16}},"141":{"start":{"line":142,"column":0},"end":{"line":142,"column":19}},"143":{"start":{"line":144,"column":0},"end":{"line":144,"column":10}},"145":{"start":{"line":146,"column":0},"end":{"line":146,"column":2}},"147":{"start":{"line":148,"column":0},"end":{"line":148,"column":34}}},"s":{"9":1,"10":1,"11":1,"13":1,"14":24,"15":24,"16":24,"17":24,"18":24,"19":24,"21":24,"28":24,"29":3,"30":3,"33":24,"34":24,"36":24,"37":24,"38":24,"39":24,"40":24,"41":24,"42":24,"43":24,"44":24,"45":24,"48":24,"49":24,"50":24,"51":24,"52":24,"53":21,"54":21,"55":30,"56":30,"57":30,"58":30,"60":30,"61":30,"62":30,"63":30,"65":30,"66":30,"67":30,"69":30,"70":30,"71":30,"72":30,"73":30,"74":2,"75":2,"76":2,"77":2,"78":2,"80":30,"82":21,"83":21,"85":3,"87":3,"89":24,"92":24,"93":10,"94":10,"95":10,"96":10,"97":10,"98":10,"99":9,"100":9,"101":9,"102":9,"103":9,"104":9,"105":9,"106":9,"107":9,"109":9,"110":9,"111":9,"112":9,"113":9,"114":9,"115":9,"116":8,"117":8,"119":8,"120":8,"121":8,"122":8,"123":8,"124":8,"125":8,"126":8,"128":1,"130":1,"132":9,"134":9,"135":9,"137":1,"139":1,"141":10,"143":24,"145":24,"147":1},"branchMap":{"0":{"type":"branch","line":14,"loc":{"start":{"line":14,"column":27},"end":{"line":146,"column":2}},"locations":[{"start":{"line":14,"column":27},"end":{"line":146,"column":2}}]},"1":{"type":"branch","line":43,"loc":{"start":{"line":43,"column":31},"end":{"line":43,"column":63}},"locations":[{"start":{"line":43,"column":31},"end":{"line":43,"column":63}}]},"2":{"type":"branch","line":53,"loc":{"start":{"line":53,"column":29},"end":{"line":84,"column":16}},"locations":[{"start":{"line":53,"column":29},"end":{"line":84,"column":16}}]},"3":{"type":"branch","line":84,"loc":{"start":{"line":84,"column":10},"end":{"line":88,"column":14}},"locations":[{"start":{"line":84,"column":10},"end":{"line":88,"column":14}}]},"4":{"type":"branch","line":93,"loc":{"start":{"line":93,"column":7},"end":{"line":142,"column":19}},"locations":[{"start":{"line":93,"column":7},"end":{"line":142,"column":19}}]},"5":{"type":"branch","line":99,"loc":{"start":{"line":99,"column":46},"end":{"line":136,"column":18}},"locations":[{"start":{"line":99,"column":46},"end":{"line":136,"column":18}}]},"6":{"type":"branch","line":136,"loc":{"start":{"line":136,"column":12},"end":{"line":140,"column":16}},"locations":[{"start":{"line":136,"column":12},"end":{"line":140,"column":16}}]},"7":{"type":"branch","line":29,"loc":{"start":{"line":29,"column":25},"end":{"line":31,"column":4}},"locations":[{"start":{"line":29,"column":25},"end":{"line":31,"column":4}}]},"8":{"type":"branch","line":30,"loc":{"start":{"line":30,"column":24},"end":{"line":30,"column":75}},"locations":[{"start":{"line":30,"column":24},"end":{"line":30,"column":75}}]},"9":{"type":"branch","line":30,"loc":{"start":{"line":30,"column":44},"end":{"line":30,"column":64}},"locations":[{"start":{"line":30,"column":44},"end":{"line":30,"column":64}}]},"10":{"type":"branch","line":30,"loc":{"start":{"line":30,"column":57},"end":{"line":30,"column":75}},"locations":[{"start":{"line":30,"column":57},"end":{"line":30,"column":75}}]},"11":{"type":"branch","line":55,"loc":{"start":{"line":55,"column":27},"end":{"line":83,"column":13}},"locations":[{"start":{"line":55,"column":27},"end":{"line":83,"column":13}}]},"12":{"type":"branch","line":74,"loc":{"start":{"line":74,"column":19},"end":{"line":79,"column":26}},"locations":[{"start":{"line":74,"column":19},"end":{"line":79,"column":26}}]},"13":{"type":"branch","line":77,"loc":{"start":{"line":77,"column":25},"end":{"line":77,"column":47}},"locations":[{"start":{"line":77,"column":25},"end":{"line":77,"column":47}}]},"14":{"type":"branch","line":77,"loc":{"start":{"line":77,"column":33},"end":{"line":77,"column":68}},"locations":[{"start":{"line":77,"column":33},"end":{"line":77,"column":68}}]},"15":{"type":"branch","line":57,"loc":{"start":{"line":57,"column":16},"end":{"line":57,"column":56}},"locations":[{"start":{"line":57,"column":16},"end":{"line":57,"column":56}}]},"16":{"type":"branch","line":67,"loc":{"start":{"line":67,"column":29},"end":{"line":67,"column":64}},"locations":[{"start":{"line":67,"column":29},"end":{"line":67,"column":64}}]},"17":{"type":"branch","line":101,"loc":{"start":{"line":101,"column":46},"end":{"line":135,"column":15}},"locations":[{"start":{"line":101,"column":46},"end":{"line":135,"column":15}}]},"18":{"type":"branch","line":116,"loc":{"start":{"line":116,"column":21},"end":{"line":127,"column":28}},"locations":[{"start":{"line":116,"column":21},"end":{"line":127,"column":28}}]},"19":{"type":"branch","line":127,"loc":{"start":{"line":127,"column":22},"end":{"line":131,"column":26}},"locations":[{"start":{"line":127,"column":22},"end":{"line":131,"column":26}}]},"20":{"type":"branch","line":103,"loc":{"start":{"line":103,"column":18},"end":{"line":103,"column":60}},"locations":[{"start":{"line":103,"column":18},"end":{"line":103,"column":60}}]}},"b":{"0":[24],"1":[1],"2":[21],"3":[3],"4":[10],"5":[9],"6":[1],"7":[3],"8":[3],"9":[1],"10":[2],"11":[30],"12":[2],"13":[1],"14":[1],"15":[33],"16":[3],"17":[9],"18":[8],"19":[1],"20":[8]},"fnMap":{"0":{"name":"ApplicationDetails","decl":{"start":{"line":14,"column":27},"end":{"line":146,"column":2}},"loc":{"start":{"line":14,"column":27},"end":{"line":146,"column":2}},"line":14},"1":{"name":"toggleQuestion","decl":{"start":{"line":29,"column":25},"end":{"line":31,"column":4}},"loc":{"start":{"line":29,"column":25},"end":{"line":31,"column":4}},"line":29},"2":{"name":"onClick","decl":{"start":{"line":67,"column":29},"end":{"line":67,"column":64}},"loc":{"start":{"line":67,"column":29},"end":{"line":67,"column":64}},"line":67}},"f":{"0":24,"1":3,"2":3}}
,"C:\\Users\\nayel\\Desktop\\dodo_project\\frontend\\src\\components\\AssessmentStatus.jsx": {"path":"C:\\Users\\nayel\\Desktop\\dodo_project\\frontend\\src\\components\\AssessmentStatus.jsx","all":false,"statementMap":{"8":{"start":{"line":9,"column":0},"end":{"line":9,"column":26}},"10":{"start":{"line":11,"column":0},"end":{"line":11,"column":66}},"12":{"start":{"line":13,"column":0},"end":{"line":13,"column":26}},"13":{"start":{"line":14,"column":0},"end":{"line":14,"column":20}},"14":{"start":{"line":15,"column":0},"end":{"line":15,"column":28}},"15":{"start":{"line":16,"column":0},"end":{"line":16,"column":25}},"16":{"start":{"line":17,"column":0},"end":{"line":17,"column":43}},"17":{"start":{"line":18,"column":0},"end":{"line":18,"column":19}},"18":{"start":{"line":19,"column":0},"end":{"line":19,"column":53}},"19":{"start":{"line":20,"column":0},"end":{"line":20,"column":48}},"20":{"start":{"line":21,"column":0},"end":{"line":21,"column":20}},"21":{"start":{"line":22,"column":0},"end":{"line":22,"column":24}},"22":{"start":{"line":23,"column":0},"end":{"line":23,"column":4}},"24":{"start":{"line":25,"column":0},"end":{"line":25,"column":21}},"25":{"start":{"line":26,"column":0},"end":{"line":26,"column":21}},"26":{"start":{"line":27,"column":0},"end":{"line":27,"column":27}},"27":{"start":{"line":28,"column":0},"end":{"line":28,"column":4}},"29":{"start":{"line":30,"column":0},"end":{"line":30,"column":22}},"30":{"start":{"line":31,"column":0},"end":{"line":31,"column":23}},"31":{"start":{"line":32,"column":0},"end":{"line":32,"column":24}},"32":{"start":{"line":33,"column":0},"end":{"line":33,"column":4}},"39":{"start":{"line":40,"column":0},"end":{"line":40,"column":31}},"40":{"start":{"line":41,"column":0},"end":{"line":41,"column":21}},"41":{"start":{"line":42,"column":0},"end":{"line":42,"column":28}},"42":{"start":{"line":43,"column":0},"end":{"line":43,"column":16}},"43":{"start":{"line":44,"column":0},"end":{"line":44,"column":14}},"44":{"start":{"line":45,"column":0},"end":{"line":45,"column":34}},"45":{"start":{"line":46,"column":0},"end":{"line":46,"column":50}},"46":{"start":{"line":47,"column":0},"end":{"line":47,"column":42}},"48":{"start":{"line":49,"column":0},"end":{"line":49,"column":44}},"49":{"start":{"line":50,"column":0},"end":{"line":50,"column":51}},"50":{"start":{"line":51,"column":0},"end":{"line":51,"column":16}},"52":{"start":{"line":53,"column":0},"end":{"line":53,"column":31}},"53":{"start":{"line":54,"column":0},"end":{"line":54,"column":16}},"54":{"start":{"line":55,"column":0},"end":{"line":55,"column":14}},"55":{"start":{"line":56,"column":0},"end":{"line":56,"column":34}},"56":{"start":{"line":57,"column":0},"end":{"line":57,"column":50}},"57":{"start":{"line":58,"column":0},"end":{"line":58,"column":46}},"59":{"start":{"line":60,"column":0},"end":{"line":60,"column":45}},"60":{"start":{"line":61,"column":0},"end":{"line":61,"column":51}},"61":{"start":{"line":62,"column":0},"end":{"line":62,"column":16}},"63":{"start":{"line":64,"column":0},"end":{"line":64,"column":23}},"64":{"start":{"line":65,"column":0},"end":{"line":65,"column":16}},"65":{"start":{"line":66,"column":0},"end":{"line":66,"column":14}},"66":{"start":{"line":67,"column":0},"end":{"line":67,"column":34}},"67":{"start":{"line":68,"column":0},"end":{"line":68,"column":50}},"68":{"start":{"line":69,"column":0},"end":{"line":69,"column":45}},"70":{"start":{"line":71,"column":0},"end":{"line":71,"column":45}},"71":{"start":{"line":72,"column":0},"end":{"line":72,"column":51}},"72":{"start":{"line":73,"column":0},"end":{"line":73,"column":16}},"74":{"start":{"line":75,"column":0},"end":{"line":75,"column":27}},"75":{"start":{"line":76,"column":0},"end":{"line":76,"column":14}},"76":{"start":{"line":77,"column":0},"end":{"line":77,"column":16}},"77":{"start":{"line":78,"column":0},"end":{"line":78,"column":14}},"78":{"start":{"line":79,"column":0},"end":{"line":79,"column":34}},"79":{"start":{"line":80,"column":0},"end":{"line":80,"column":50}},"80":{"start":{"line":81,"column":0},"end":{"line":81,"column":33}},"82":{"start":{"line":83,"column":0},"end":{"line":83,"column":45}},"83":{"start":{"line":84,"column":0},"end":{"line":84,"column":51}},"84":{"start":{"line":85,"column":0},"end":{"line":85,"column":16}},"86":{"start":{"line":87,"column":0},"end":{"line":87,"column":5}},"87":{"start":{"line":88,"column":0},"end":{"line":88,"column":4}},"90":{"start":{"line":91,"column":0},"end":{"line":91,"column":25}},"91":{"start":{"line":92,"column":0},"end":{"line":92,"column":2}},"93":{"start":{"line":94,"column":0},"end":{"line":94,"column":32}}},"s":{"8":1,"10":1,"12":12,"13":12,"14":12,"15":12,"16":12,"17":12,"18":12,"19":12,"20":12,"21":12,"22":12,"24":12,"25":12,"26":12,"27":12,"29":12,"30":12,"31":12,"32":12,"39":12,"40":12,"41":12,"42":3,"43":3,"44":3,"45":3,"46":3,"48":3,"49":3,"50":3,"52":12,"53":3,"54":3,"55":3,"56":3,"57":3,"59":3,"60":3,"61":3,"63":12,"64":3,"65":3,"66":3,"67":3,"68":3,"70":3,"71":3,"72":3,"74":12,"75":12,"76":3,"77":3,"78":3,"79":3,"80":3,"82":3,"83":3,"84":3,"86":12,"87":12,"90":12,"91":12,"93":1},"branchMap":{"0":{"type":"branch","line":11,"loc":{"start":{"line":11,"column":25},"end":{"line":92,"column":2}},"locations":[{"start":{"line":11,"column":25},"end":{"line":92,"column":2}}]},"1":{"type":"branch","line":17,"loc":{"start":{"line":17,"column":12},"end":{"line":17,"column":33}},"locations":[{"start":{"line":17,"column":12},"end":{"line":17,"column":33}}]},"2":{"type":"branch","line":17,"loc":{"start":{"line":17,"column":21},"end":{"line":17,"column":43}},"locations":[{"start":{"line":17,"column":21},"end":{"line":17,"column":43}}]},"3":{"type":"branch","line":19,"loc":{"start":{"line":19,"column":21},"end":{"line":19,"column":39}},"locations":[{"start":{"line":19,"column":21},"end":{"line":19,"column":39}}]},"4":{"type":"branch","line":19,"loc":{"start":{"line":19,"column":30},"end":{"line":19,"column":53}},"locations":[{"start":{"line":19,"column":30},"end":{"line":19,"column":53}}]},"5":{"type":"branch","line":20,"loc":{"start":{"line":20,"column":12},"end":{"line":20,"column":41}},"locations":[{"start":{"line":20,"column":12},"end":{"line":20,"column":41}}]},"6":{"type":"branch","line":20,"loc":{"start":{"line":20,"column":21},"end":{"line":20,"column":48}},"locations":[{"start":{"line":20,"column":21},"end":{"line":20,"column":48}}]},"7":{"type":"branch","line":40,"loc":{"start":{"line":40,"column":24},"end":{"line":88,"column":4}},"locations":[{"start":{"line":40,"column":24},"end":{"line":88,"column":4}}]},"8":{"type":"branch","line":42,"loc":{"start":{"line":42,"column":6},"end":{"line":51,"column":16}},"locations":[{"start":{"line":42,"column":6},"end":{"line":51,"column":16}}]},"9":{"type":"branch","line":46,"loc":{"start":{"line":46,"column":21},"end":{"line":46,"column":42}},"locations":[{"start":{"line":46,"column":21},"end":{"line":46,"column":42}}]},"10":{"type":"branch","line":46,"loc":{"start":{"line":46,"column":30},"end":{"line":46,"column":50}},"locations":[{"start":{"line":46,"column":30},"end":{"line":46,"column":50}}]},"11":{"type":"branch","line":53,"loc":{"start":{"line":53,"column":6},"end":{"line":62,"column":16}},"locations":[{"start":{"line":53,"column":6},"end":{"line":62,"column":16}}]},"12":{"type":"branch","line":57,"loc":{"start":{"line":57,"column":21},"end":{"line":57,"column":42}},"locations":[{"start":{"line":57,"column":21},"end":{"line":57,"column":42}}]},"13":{"type":"branch","line":57,"loc":{"start":{"line":57,"column":30},"end":{"line":57,"column":50}},"locations":[{"start":{"line":57,"column":30},"end":{"line":57,"column":50}}]},"14":{"type":"branch","line":64,"loc":{"start":{"line":64,"column":6},"end":{"line":73,"column":16}},"locations":[{"start":{"line":64,"column":6},"end":{"line":73,"column":16}}]},"15":{"type":"branch","line":68,"loc":{"start":{"line":68,"column":21},"end":{"line":68,"column":42}},"locations":[{"start":{"line":68,"column":21},"end":{"line":68,"column":42}}]},"16":{"type":"branch","line":68,"loc":{"start":{"line":68,"column":30},"end":{"line":68,"column":50}},"locations":[{"start":{"line":68,"column":30},"end":{"line":68,"column":50}}]},"17":{"type":"branch","line":75,"loc":{"start":{"line":75,"column":6},"end":{"line":75,"column":27}},"locations":[{"start":{"line":75,"column":6},"end":{"line":75,"column":27}}]},"18":{"type":"branch","line":76,"loc":{"start":{"line":76,"column":6},"end":{"line":85,"column":16}},"locations":[{"start":{"line":76,"column":6},"end":{"line":85,"column":16}}]},"19":{"type":"branch","line":80,"loc":{"start":{"line":80,"column":21},"end":{"line":80,"column":42}},"locations":[{"start":{"line":80,"column":21},"end":{"line":80,"column":42}}]},"20":{"type":"branch","line":80,"loc":{"start":{"line":80,"column":30},"end":{"line":80,"column":50}},"locations":[{"start":{"line":80,"column":30},"end":{"line":80,"column":50}}]}},"b":{"0":[12],"1":[4],"2":[8],"3":[4],"4":[8],"5":[4],"6":[8],"7":[12],"8":[3],"9":[1],"10":[2],"11":[3],"12":[1],"13":[2],"14":[3],"15":[1],"16":[2],"17":[3],"18":[3],"19":[1],"20":[2]},"fnMap":{"0":{"name":"AssessmentStatus","decl":{"start":{"line":11,"column":25},"end":{"line":92,"column":2}},"loc":{"start":{"line":11,"column":25},"end":{"line":92,"column":2}},"line":11},"1":{"name":"getStatusIcon","decl":{"start":{"line":40,"column":24},"end":{"line":88,"column":4}},"loc":{"start":{"line":40,"column":24},"end":{"line":88,"column":4}},"line":40}},"f":{"0":12,"1":12}}
,"C:\\Users\\nayel\\Desktop\\dodo_project\\frontend\\src\\components\\DeadlineBadge.jsx": {"path":"C:\\Users\\nayel\\Desktop\\dodo_project\\frontend\\src\\components\\DeadlineBadge.jsx","all":false,"statementMap":{"10":{"start":{"line":11,"column":0},"end":{"line":11,"column":26}},"12":{"start":{"line":13,"column":0},"end":{"line":13,"column":41}},"14":{"start":{"line":15,"column":0},"end":{"line":15,"column":18}},"15":{"start":{"line":16,"column":0},"end":{"line":16,"column":12}},"16":{"start":{"line":17,"column":0},"end":{"line":17,"column":84}},"17":{"start":{"line":18,"column":0},"end":{"line":18,"column":75}},"18":{"start":{"line":19,"column":0},"end":{"line":19,"column":93}},"20":{"start":{"line":21,"column":0},"end":{"line":21,"column":15}},"21":{"start":{"line":22,"column":0},"end":{"line":22,"column":12}},"23":{"start":{"line":24,"column":0},"end":{"line":24,"column":3}},"26":{"start":{"line":27,"column":0},"end":{"line":27,"column":42}},"27":{"start":{"line":28,"column":0},"end":{"line":28,"column":33}},"30":{"start":{"line":31,"column":0},"end":{"line":31,"column":52}},"31":{"start":{"line":32,"column":0},"end":{"line":32,"column":75}},"33":{"start":{"line":34,"column":0},"end":{"line":34,"column":44}},"34":{"start":{"line":35,"column":0},"end":{"line":35,"column":47}},"37":{"start":{"line":38,"column":0},"end":{"line":38,"column":10}},"38":{"start":{"line":39,"column":0},"end":{"line":39,"column":82}},"39":{"start":{"line":40,"column":0},"end":{"line":40,"column":73}},"40":{"start":{"line":41,"column":0},"end":{"line":41,"column":11}},"41":{"start":{"line":42,"column":0},"end":{"line":42,"column":65}},"42":{"start":{"line":43,"column":0},"end":{"line":43,"column":24}},"43":{"start":{"line":44,"column":0},"end":{"line":44,"column":39}},"44":{"start":{"line":45,"column":0},"end":{"line":45,"column":29}},"45":{"start":{"line":46,"column":0},"end":{"line":46,"column":45}},"46":{"start":{"line":47,"column":0},"end":{"line":47,"column":43}},"47":{"start":{"line":48,"column":0},"end":{"line":48,"column":11}},"48":{"start":{"line":49,"column":0},"end":{"line":49,"column":15}},"49":{"start":{"line":50,"column":0},"end":{"line":50,"column":24}},"50":{"start":{"line":51,"column":0},"end":{"line":51,"column":73}},"51":{"start":{"line":52,"column":0},"end":{"line":52,"column":95}},"54":{"start":{"line":55,"column":0},"end":{"line":55,"column":23}},"55":{"start":{"line":56,"column":0},"end":{"line":56,"column":29}},"56":{"start":{"line":57,"column":0},"end":{"line":57,"column":27}},"57":{"start":{"line":58,"column":0},"end":{"line":58,"column":30}},"58":{"start":{"line":59,"column":0},"end":{"line":59,"column":53}},"59":{"start":{"line":60,"column":0},"end":{"line":60,"column":13}},"60":{"start":{"line":61,"column":0},"end":{"line":61,"column":10}},"62":{"start":{"line":63,"column":0},"end":{"line":63,"column":2}},"64":{"start":{"line":65,"column":0},"end":{"line":65,"column":29}}},"s":{"10":1,"12":1,"14":16,"15":10,"16":10,"17":10,"18":10,"20":10,"21":10,"23":10,"26":6,"27":6,"30":6,"31":6,"33":6,"34":6,"37":6,"38":6,"39":6,"40":6,"41":6,"42":6,"43":2,"44":4,"45":1,"46":3,"47":16,"48":16,"49":16,"50":2,"51":4,"54":16,"55":2,"56":4,"57":1,"58":3,"59":16,"60":16,"62":16,"64":1},"branchMap":{"0":{"type":"branch","line":13,"loc":{"start":{"line":13,"column":22},"end":{"line":63,"column":2}},"locations":[{"start":{"line":13,"column":22},"end":{"line":63,"column":2}}]},"1":{"type":"branch","line":15,"loc":{"start":{"line":15,"column":17},"end":{"line":24,"column":3}},"locations":[{"start":{"line":15,"column":17},"end":{"line":24,"column":3}}]},"2":{"type":"branch","line":24,"loc":{"start":{"line":24,"column":2},"end":{"line":44,"column":39}},"locations":[{"start":{"line":24,"column":2},"end":{"line":44,"column":39}}]},"3":{"type":"branch","line":24,"loc":{"start":{"line":24,"column":2},"end":{"line":43,"column":24}},"locations":[{"start":{"line":24,"column":2},"end":{"line":43,"column":24}}]},"4":{"type":"branch","line":43,"loc":{"start":{"line":43,"column":10},"end":{"line":44,"column":39}},"locations":[{"start":{"line":43,"column":10},"end":{"line":44,"column":39}}]},"5":{"type":"branch","line":44,"loc":{"start":{"line":44,"column":14},"end":{"line":47,"column":43}},"locations":[{"start":{"line":44,"column":14},"end":{"line":47,"column":43}}]},"6":{"type":"branch","line":45,"loc":{"start":{"line":45,"column":14},"end":{"line":46,"column":45}},"locations":[{"start":{"line":45,"column":14},"end":{"line":46,"column":45}}]},"7":{"type":"branch","line":46,"loc":{"start":{"line":46,"column":14},"end":{"line":47,"column":43}},"locations":[{"start":{"line":46,"column":14},"end":{"line":47,"column":43}}]},"8":{"type":"branch","line":50,"loc":{"start":{"line":50,"column":10},"end":{"line":51,"column":73}},"locations":[{"start":{"line":50,"column":10},"end":{"line":51,"column":73}}]},"9":{"type":"branch","line":51,"loc":{"start":{"line":51,"column":71},"end":{"line":52,"column":95}},"locations":[{"start":{"line":51,"column":71},"end":{"line":52,"column":95}}]},"10":{"type":"branch","line":52,"loc":{"start":{"line":52,"column":57},"end":{"line":52,"column":66}},"locations":[{"start":{"line":52,"column":57},"end":{"line":52,"column":66}}]},"11":{"type":"branch","line":52,"loc":{"start":{"line":52,"column":61},"end":{"line":52,"column":69}},"locations":[{"start":{"line":52,"column":61},"end":{"line":52,"column":69}}]},"12":{"type":"branch","line":55,"loc":{"start":{"line":55,"column":9},"end":{"line":56,"column":29}},"locations":[{"start":{"line":55,"column":9},"end":{"line":56,"column":29}}]},"13":{"type":"branch","line":56,"loc":{"start":{"line":56,"column":12},"end":{"line":59,"column":53}},"locations":[{"start":{"line":56,"column":12},"end":{"line":59,"column":53}}]},"14":{"type":"branch","line":57,"loc":{"start":{"line":57,"column":12},"end":{"line":58,"column":30}},"locations":[{"start":{"line":57,"column":12},"end":{"line":58,"column":30}}]},"15":{"type":"branch","line":58,"loc":{"start":{"line":58,"column":12},"end":{"line":59,"column":53}},"locations":[{"start":{"line":58,"column":12},"end":{"line":59,"column":53}}]}},"b":{"0":[16],"1":[10],"2":[9],"3":[6],"4":[2],"5":[4],"6":[1],"7":[3],"8":[2],"9":[4],"10":[1],"11":[3],"12":[2],"13":[4],"14":[1],"15":[3]},"fnMap":{"0":{"name":"DeadlineBadge","decl":{"start":{"line":13,"column":22},"end":{"line":63,"column":2}},"loc":{"start":{"line":13,"column":22},"end":{"line":63,"column":2}},"line":13}},"f":{"0":16}}
,"C:\\Users\\nayel\\Desktop\\dodo_project\\frontend\\src\\components\\EmployerApplicants.jsx": {"path":"C:\\Users\\nayel\\Desktop\\dodo_project\\frontend\\src\\components\\EmployerApplicants.jsx","all":false,"statementMap":{"10":{"start":{"line":11,"column":0},"end":{"line":11,"column":51}},"11":{"start":{"line":12,"column":0},"end":{"line":12,"column":58}},"12":{"start":{"line":13,"column":0},"end":{"line":13,"column":70}},"13":{"start":{"line":14,"column":0},"end":{"line":14,"column":34}},"14":{"start":{"line":15,"column":0},"end":{"line":15,"column":40}},"15":{"start":{"line":16,"column":0},"end":{"line":16,"column":38}},"17":{"start":{"line":18,"column":0},"end":{"line":18,"column":34}},"19":{"start":{"line":20,"column":0},"end":{"line":20,"column":32}},"20":{"start":{"line":21,"column":0},"end":{"line":21,"column":33}},"22":{"start":{"line":23,"column":0},"end":{"line":23,"column":51}},"23":{"start":{"line":24,"column":0},"end":{"line":24,"column":67}},"24":{"start":{"line":25,"column":0},"end":{"line":25,"column":47}},"25":{"start":{"line":26,"column":0},"end":{"line":26,"column":43}},"26":{"start":{"line":27,"column":0},"end":{"line":27,"column":52}},"27":{"start":{"line":28,"column":0},"end":{"line":28,"column":64}},"28":{"start":{"line":29,"column":0},"end":{"line":29,"column":81}},"30":{"start":{"line":31,"column":0},"end":{"line":31,"column":31}},"31":{"start":{"line":32,"column":0},"end":{"line":32,"column":83}},"37":{"start":{"line":38,"column":0},"end":{"line":38,"column":39}},"38":{"start":{"line":39,"column":0},"end":{"line":39,"column":9}},"39":{"start":{"line":40,"column":0},"end":{"line":40,"column":53}},"42":{"start":{"line":43,"column":0},"end":{"line":43,"column":61}},"43":{"start":{"line":44,"column":0},"end":{"line":44,"column":46}},"44":{"start":{"line":45,"column":0},"end":{"line":45,"column":46}},"45":{"start":{"line":46,"column":0},"end":{"line":46,"column":48}},"46":{"start":{"line":47,"column":0},"end":{"line":47,"column":9}},"48":{"start":{"line":49,"column":0},"end":{"line":49,"column":38}},"49":{"start":{"line":50,"column":0},"end":{"line":50,"column":79}},"50":{"start":{"line":51,"column":0},"end":{"line":51,"column":19}},"51":{"start":{"line":52,"column":0},"end":{"line":52,"column":28}},"52":{"start":{"line":53,"column":0},"end":{"line":53,"column":15}},"53":{"start":{"line":54,"column":0},"end":{"line":54,"column":24}},"54":{"start":{"line":55,"column":0},"end":{"line":55,"column":5}},"55":{"start":{"line":56,"column":0},"end":{"line":56,"column":4}},"61":{"start":{"line":62,"column":0},"end":{"line":62,"column":19}},"62":{"start":{"line":63,"column":0},"end":{"line":63,"column":22}},"63":{"start":{"line":64,"column":0},"end":{"line":64,"column":14}},"70":{"start":{"line":71,"column":0},"end":{"line":71,"column":46}},"71":{"start":{"line":72,"column":0},"end":{"line":72,"column":29}},"72":{"start":{"line":73,"column":0},"end":{"line":73,"column":4}},"78":{"start":{"line":79,"column":0},"end":{"line":79,"column":45}},"79":{"start":{"line":80,"column":0},"end":{"line":80,"column":44}},"80":{"start":{"line":81,"column":0},"end":{"line":81,"column":4}},"86":{"start":{"line":87,"column":0},"end":{"line":87,"column":41}},"87":{"start":{"line":88,"column":0},"end":{"line":88,"column":26}},"88":{"start":{"line":89,"column":0},"end":{"line":89,"column":89}},"89":{"start":{"line":90,"column":0},"end":{"line":90,"column":6}},"90":{"start":{"line":91,"column":0},"end":{"line":91,"column":75}},"91":{"start":{"line":92,"column":0},"end":{"line":92,"column":4}},"96":{"start":{"line":97,"column":0},"end":{"line":97,"column":33}},"97":{"start":{"line":98,"column":0},"end":{"line":98,"column":62}},"98":{"start":{"line":99,"column":0},"end":{"line":99,"column":31}},"100":{"start":{"line":101,"column":0},"end":{"line":101,"column":69}},"101":{"start":{"line":102,"column":0},"end":{"line":102,"column":44}},"102":{"start":{"line":103,"column":0},"end":{"line":103,"column":44}},"103":{"start":{"line":104,"column":0},"end":{"line":104,"column":68}},"104":{"start":{"line":105,"column":0},"end":{"line":105,"column":7}},"106":{"start":{"line":107,"column":0},"end":{"line":107,"column":44}},"107":{"start":{"line":108,"column":0},"end":{"line":108,"column":4}},"110":{"start":{"line":111,"column":0},"end":{"line":111,"column":49}},"111":{"start":{"line":112,"column":0},"end":{"line":112,"column":89}},"112":{"start":{"line":113,"column":0},"end":{"line":113,"column":77}},"115":{"start":{"line":116,"column":0},"end":{"line":116,"column":40}},"116":{"start":{"line":117,"column":0},"end":{"line":117,"column":42}},"118":{"start":{"line":119,"column":0},"end":{"line":119,"column":10}},"119":{"start":{"line":120,"column":0},"end":{"line":120,"column":6}},"120":{"start":{"line":121,"column":0},"end":{"line":121,"column":42}},"121":{"start":{"line":122,"column":0},"end":{"line":122,"column":91}},"122":{"start":{"line":123,"column":0},"end":{"line":123,"column":41}},"123":{"start":{"line":124,"column":0},"end":{"line":124,"column":16}},"124":{"start":{"line":125,"column":0},"end":{"line":125,"column":104}},"125":{"start":{"line":126,"column":0},"end":{"line":126,"column":105}},"126":{"start":{"line":127,"column":0},"end":{"line":127,"column":17}},"127":{"start":{"line":128,"column":0},"end":{"line":128,"column":116}},"128":{"start":{"line":129,"column":0},"end":{"line":129,"column":68}},"129":{"start":{"line":130,"column":0},"end":{"line":130,"column":15}},"131":{"start":{"line":132,"column":0},"end":{"line":132,"column":37}},"132":{"start":{"line":133,"column":0},"end":{"line":133,"column":116}},"133":{"start":{"line":134,"column":0},"end":{"line":134,"column":40}},"134":{"start":{"line":135,"column":0},"end":{"line":135,"column":25}},"135":{"start":{"line":136,"column":0},"end":{"line":136,"column":78}},"136":{"start":{"line":137,"column":0},"end":{"line":137,"column":63}},"137":{"start":{"line":138,"column":0},"end":{"line":138,"column":23}},"139":{"start":{"line":140,"column":0},"end":{"line":140,"column":27}},"140":{"start":{"line":141,"column":0},"end":{"line":141,"column":49}},"141":{"start":{"line":142,"column":0},"end":{"line":142,"column":27}},"142":{"start":{"line":143,"column":0},"end":{"line":143,"column":38}},"143":{"start":{"line":144,"column":0},"end":{"line":144,"column":80}},"144":{"start":{"line":145,"column":0},"end":{"line":145,"column":67}},"146":{"start":{"line":147,"column":0},"end":{"line":147,"column":34}},"147":{"start":{"line":148,"column":0},"end":{"line":148,"column":29}},"148":{"start":{"line":149,"column":0},"end":{"line":149,"column":25}},"149":{"start":{"line":150,"column":0},"end":{"line":150,"column":25}},"150":{"start":{"line":151,"column":0},"end":{"line":151,"column":24}},"152":{"start":{"line":153,"column":0},"end":{"line":153,"column":19}},"153":{"start":{"line":154,"column":0},"end":{"line":154,"column":17}},"154":{"start":{"line":155,"column":0},"end":{"line":155,"column":107}},"155":{"start":{"line":156,"column":0},"end":{"line":156,"column":41}},"156":{"start":{"line":157,"column":0},"end":{"line":157,"column":15}},"157":{"start":{"line":158,"column":0},"end":{"line":158,"column":39}},"158":{"start":{"line":159,"column":0},"end":{"line":159,"column":62}},"159":{"start":{"line":160,"column":0},"end":{"line":160,"column":19}},"160":{"start":{"line":161,"column":0},"end":{"line":161,"column":17}},"161":{"start":{"line":162,"column":0},"end":{"line":162,"column":18}},"162":{"start":{"line":163,"column":0},"end":{"line":163,"column":17}},"163":{"start":{"line":164,"column":0},"end":{"line":164,"column":45}},"164":{"start":{"line":165,"column":0},"end":{"line":165,"column":59}},"165":{"start":{"line":166,"column":0},"end":{"line":166,"column":19}},"166":{"start":{"line":167,"column":0},"end":{"line":167,"column":36}},"167":{"start":{"line":168,"column":0},"end":{"line":168,"column":32}},"168":{"start":{"line":169,"column":0},"end":{"line":169,"column":63}},"169":{"start":{"line":170,"column":0},"end":{"line":170,"column":71}},"170":{"start":{"line":171,"column":0},"end":{"line":171,"column":73}},"172":{"start":{"line":173,"column":0},"end":{"line":173,"column":98}},"173":{"start":{"line":174,"column":0},"end":{"line":174,"column":99}},"174":{"start":{"line":175,"column":0},"end":{"line":175,"column":63}},"175":{"start":{"line":176,"column":0},"end":{"line":176,"column":32}},"176":{"start":{"line":177,"column":0},"end":{"line":177,"column":47}},"177":{"start":{"line":178,"column":0},"end":{"line":178,"column":37}},"178":{"start":{"line":179,"column":0},"end":{"line":179,"column":40}},"179":{"start":{"line":180,"column":0},"end":{"line":180,"column":42}},"180":{"start":{"line":181,"column":0},"end":{"line":181,"column":22}},"181":{"start":{"line":182,"column":0},"end":{"line":182,"column":23}},"182":{"start":{"line":183,"column":0},"end":{"line":183,"column":77}},"183":{"start":{"line":184,"column":0},"end":{"line":184,"column":81}},"184":{"start":{"line":185,"column":0},"end":{"line":185,"column":23}},"185":{"start":{"line":186,"column":0},"end":{"line":186,"column":21}},"186":{"start":{"line":187,"column":0},"end":{"line":187,"column":16}},"188":{"start":{"line":189,"column":0},"end":{"line":189,"column":18}},"189":{"start":{"line":190,"column":0},"end":{"line":190,"column":19}},"190":{"start":{"line":191,"column":0},"end":{"line":191,"column":29}},"191":{"start":{"line":192,"column":0},"end":{"line":192,"column":84}},"192":{"start":{"line":193,"column":0},"end":{"line":193,"column":17}},"194":{"start":{"line":195,"column":0},"end":{"line":195,"column":21}},"195":{"start":{"line":196,"column":0},"end":{"line":196,"column":19}},"197":{"start":{"line":198,"column":0},"end":{"line":198,"column":18}},"198":{"start":{"line":199,"column":0},"end":{"line":199,"column":16}},"199":{"start":{"line":200,"column":0},"end":{"line":200,"column":30}},"200":{"start":{"line":201,"column":0},"end":{"line":201,"column":78}},"201":{"start":{"line":202,"column":0},"end":{"line":202,"column":14}},"202":{"start":{"line":203,"column":0},"end":{"line":203,"column":17}},"203":{"start":{"line":204,"column":0},"end":{"line":204,"column":7}},"205":{"start":{"line":206,"column":0},"end":{"line":206,"column":2}},"207":{"start":{"line":208,"column":0},"end":{"line":208,"column":34}}},"s":{"10":1,"11":1,"12":1,"13":1,"14":1,"15":1,"17":1,"19":22,"20":22,"22":22,"23":22,"24":22,"25":22,"26":22,"27":22,"28":22,"30":22,"31":22,"37":22,"38":10,"39":10,"42":8,"43":20,"44":20,"45":20,"46":8,"48":8,"49":8,"50":10,"51":1,"52":10,"53":9,"54":9,"55":10,"61":22,"62":10,"63":22,"70":22,"71":1,"72":1,"78":22,"79":1,"80":1,"86":22,"87":0,"88":0,"89":0,"90":0,"91":0,"96":22,"97":2,"98":2,"100":2,"101":2,"102":2,"103":2,"104":2,"106":2,"107":2,"110":22,"111":22,"112":22,"115":22,"116":22,"118":11,"119":11,"120":11,"121":11,"122":11,"123":11,"124":11,"125":11,"126":11,"127":11,"128":11,"129":11,"131":11,"132":0,"133":0,"134":0,"135":0,"136":0,"137":0,"139":0,"140":0,"141":0,"142":0,"143":0,"144":0,"146":0,"147":0,"148":0,"149":0,"150":0,"152":22,"153":22,"154":22,"155":22,"156":22,"157":22,"158":22,"159":22,"160":22,"161":22,"162":22,"163":22,"164":10,"165":31,"166":31,"167":31,"168":31,"169":31,"170":31,"172":31,"173":31,"174":31,"175":31,"176":31,"177":31,"178":31,"179":31,"180":31,"181":31,"182":31,"183":31,"184":31,"185":31,"186":10,"188":1,"189":1,"190":1,"191":1,"192":1,"194":1,"195":1,"197":22,"198":22,"199":22,"200":22,"201":22,"202":22,"203":22,"205":22,"207":1},"branchMap":{"0":{"type":"branch","line":18,"loc":{"start":{"line":18,"column":27},"end":{"line":206,"column":2}},"locations":[{"start":{"line":18,"column":27},"end":{"line":206,"column":2}}]},"1":{"type":"branch","line":116,"loc":{"start":{"line":116,"column":15},"end":{"line":116,"column":40}},"locations":[{"start":{"line":116,"column":15},"end":{"line":116,"column":40}}]},"2":{"type":"branch","line":116,"loc":{"start":{"line":116,"column":35},"end":{"line":117,"column":20}},"locations":[{"start":{"line":116,"column":35},"end":{"line":117,"column":20}}]},"3":{"type":"branch","line":117,"loc":{"start":{"line":117,"column":13},"end":{"line":117,"column":42}},"locations":[{"start":{"line":117,"column":13},"end":{"line":117,"column":42}}]},"4":{"type":"branch","line":117,"loc":{"start":{"line":117,"column":37},"end":{"line":132,"column":37}},"locations":[{"start":{"line":117,"column":37},"end":{"
[...]
t":{"line":37,"column":0},"end":{"line":37,"column":3}},"37":{"start":{"line":38,"column":0},"end":{"line":38,"column":48}},"38":{"start":{"line":39,"column":0},"end":{"line":39,"column":7}},"39":{"start":{"line":40,"column":0},"end":{"line":40,"column":97}},"40":{"start":{"line":41,"column":0},"end":{"line":41,"column":19}},"41":{"start":{"line":42,"column":0},"end":{"line":42,"column":16}},"42":{"start":{"line":43,"column":0},"end":{"line":43,"column":3}},"43":{"start":{"line":44,"column":0},"end":{"line":44,"column":1}},"44":{"start":{"line":45,"column":0},"end":{"line":45,"column":0}},"45":{"start":{"line":46,"column":0},"end":{"line":46,"column":3}},"46":{"start":{"line":47,"column":0},"end":{"line":47,"column":40}},"47":{"start":{"line":48,"column":0},"end":{"line":48,"column":58}},"48":{"start":{"line":49,"column":0},"end":{"line":49,"column":54}},"49":{"start":{"line":50,"column":0},"end":{"line":50,"column":3}},"50":{"start":{"line":51,"column":0},"end":{"line":51,"column":53}},"51":{"start":{"line":52,"column":0},"end":{"line":52,"column":7}},"52":{"start":{"line":53,"column":0},"end":{"line":53,"column":89}},"53":{"start":{"line":54,"column":0},"end":{"line":54,"column":19}},"54":{"start":{"line":55,"column":0},"end":{"line":55,"column":16}},"55":{"start":{"line":56,"column":0},"end":{"line":56,"column":3}},"56":{"start":{"line":57,"column":0},"end":{"line":57,"column":1}}},"s":{"0":1,"1":1,"2":1,"3":1,"4":1,"5":1,"6":1,"7":1,"8":1,"9":1,"10":1,"11":1,"12":1,"13":2,"14":2,"15":2,"16":1,"17":1,"18":2,"19":1,"20":1,"21":1,"22":1,"23":1,"24":1,"25":2,"26":2,"27":2,"28":1,"29":1,"30":2,"31":1,"32":1,"33":1,"34":1,"35":1,"36":1,"37":1,"38":2,"39":2,"40":2,"41":1,"42":1,"43":2,"44":1,"45":1,"46":1,"47":1,"48":1,"49":1,"50":1,"51":4,"52":4,"53":4,"54":3,"55":3,"56":4},"branchMap":{"0":{"type":"branch","line":13,"loc":{"start":{"line":13,"column":7},"end":{"line":19,"column":1}},"locations":[{"start":{"line":13,"column":7},"end":{"line":19,"column":1}}]},"1":{"type":"branch","line":16,"loc":{"start":{"line":16,"column":4},"end":{"line":18,"column":3}},"locations":[{"start":{"line":16,"column":4},"end":{"line":18,"column":3}}]},"2":{"type":"branch","line":25,"loc":{"start":{"line":25,"column":7},"end":{"line":31,"column":3}},"locations":[{"start":{"line":25,"column":7},"end":{"line":31,"column":3}}]},"3":{"type":"branch","line":28,"loc":{"start":{"line":28,"column":6},"end":{"line":30,"column":5}},"locations":[{"start":{"line":28,"column":6},"end":{"line":30,"column":5}}]},"4":{"type":"branch","line":38,"loc":{"start":{"line":38,"column":7},"end":{"line":44,"column":1}},"locations":[{"start":{"line":38,"column":7},"end":{"line":44,"column":1}}]},"5":{"type":"branch","line":41,"loc":{"start":{"line":41,"column":4},"end":{"line":43,"column":3}},"locations":[{"start":{"line":41,"column":4},"end":{"line":43,"column":3}}]},"6":{"type":"branch","line":51,"loc":{"start":{"line":51,"column":7},"end":{"line":57,"column":1}},"locations":[{"start":{"line":51,"column":7},"end":{"line":57,"column":1}}]},"7":{"type":"branch","line":54,"loc":{"start":{"line":54,"column":4},"end":{"line":56,"column":3}},"locations":[{"start":{"line":54,"column":4},"end":{"line":56,"column":3}}]}},"b":{"0":[2],"1":[1],"2":[2],"3":[1],"4":[2],"5":[1],"6":[4],"7":[3]},"fnMap":{"0":{"name":"getShortlist","decl":{"start":{"line":13,"column":7},"end":{"line":19,"column":1}},"loc":{"start":{"line":13,"column":7},"end":{"line":19,"column":1}},"line":13},"1":{"name":"createShortlist","decl":{"start":{"line":25,"column":7},"end":{"line":31,"column":3}},"loc":{"start":{"line":25,"column":7},"end":{"line":31,"column":3}},"line":25},"2":{"name":"addJobToShortlist","decl":{"start":{"line":38,"column":7},"end":{"line":44,"column":1}},"loc":{"start":{"line":38,"column":7},"end":{"line":44,"column":1}},"line":38},"3":{"name":"removeJobFromShortlist","decl":{"start":{"line":51,"column":7},"end":{"line":57,"column":1}},"loc":{"start":{"line":51,"column":7},"end":{"line":57,"column":1}},"line":51}},"f":{"0":2,"1":2,"2":2,"3":4}}
,"C:\\Users\\nayel\\Desktop\\dodo_project\\frontend\\src\\services\\user.service.js": {"path":"C:\\Users\\nayel\\Desktop\\dodo_project\\frontend\\src\\services\\user.service.js","all":false,"statementMap":{"0":{"start":{"line":1,"column":0},"end":{"line":1,"column":3}},"1":{"start":{"line":2,"column":0},"end":{"line":2,"column":15}},"2":{"start":{"line":3,"column":0},"end":{"line":3,"column":58}},"3":{"start":{"line":4,"column":0},"end":{"line":4,"column":3}},"4":{"start":{"line":5,"column":0},"end":{"line":5,"column":57}},"5":{"start":{"line":6,"column":0},"end":{"line":6,"column":0}},"6":{"start":{"line":7,"column":0},"end":{"line":7,"column":33}},"7":{"start":{"line":8,"column":0},"end":{"line":8,"column":0}},"8":{"start":{"line":9,"column":0},"end":{"line":9,"column":3}},"9":{"start":{"line":10,"column":0},"end":{"line":10,"column":63}},"10":{"start":{"line":11,"column":0},"end":{"line":11,"column":3}},"11":{"start":{"line":12,"column":0},"end":{"line":12,"column":28}},"12":{"start":{"line":13,"column":0},"end":{"line":13,"column":0}},"13":{"start":{"line":14,"column":0},"end":{"line":14,"column":5}},"14":{"start":{"line":15,"column":0},"end":{"line":15,"column":51}},"15":{"start":{"line":16,"column":0},"end":{"line":16,"column":51}},"16":{"start":{"line":17,"column":0},"end":{"line":17,"column":51}},"17":{"start":{"line":18,"column":0},"end":{"line":18,"column":5}},"18":{"start":{"line":19,"column":0},"end":{"line":19,"column":30}},"19":{"start":{"line":20,"column":0},"end":{"line":20,"column":9}},"20":{"start":{"line":21,"column":0},"end":{"line":21,"column":71}},"21":{"start":{"line":22,"column":0},"end":{"line":22,"column":21}},"22":{"start":{"line":23,"column":0},"end":{"line":23,"column":18}},"23":{"start":{"line":24,"column":0},"end":{"line":24,"column":5}},"24":{"start":{"line":25,"column":0},"end":{"line":25,"column":4}},"25":{"start":{"line":26,"column":0},"end":{"line":26,"column":0}},"26":{"start":{"line":27,"column":0},"end":{"line":27,"column":5}},"27":{"start":{"line":28,"column":0},"end":{"line":28,"column":41}},"28":{"start":{"line":29,"column":0},"end":{"line":29,"column":51}},"29":{"start":{"line":30,"column":0},"end":{"line":30,"column":5}},"30":{"start":{"line":31,"column":0},"end":{"line":31,"column":26}},"31":{"start":{"line":32,"column":0},"end":{"line":32,"column":9}},"32":{"start":{"line":33,"column":0},"end":{"line":33,"column":61}},"33":{"start":{"line":34,"column":0},"end":{"line":34,"column":21}},"34":{"start":{"line":35,"column":0},"end":{"line":35,"column":18}},"35":{"start":{"line":36,"column":0},"end":{"line":36,"column":5}},"36":{"start":{"line":37,"column":0},"end":{"line":37,"column":4}},"37":{"start":{"line":38,"column":0},"end":{"line":38,"column":0}},"38":{"start":{"line":39,"column":0},"end":{"line":39,"column":5}},"39":{"start":{"line":40,"column":0},"end":{"line":40,"column":38}},"40":{"start":{"line":41,"column":0},"end":{"line":41,"column":43}},"41":{"start":{"line":42,"column":0},"end":{"line":42,"column":5}},"42":{"start":{"line":43,"column":0},"end":{"line":43,"column":23}},"43":{"start":{"line":44,"column":0},"end":{"line":44,"column":9}},"44":{"start":{"line":45,"column":0},"end":{"line":45,"column":45}},"45":{"start":{"line":46,"column":0},"end":{"line":46,"column":26}},"46":{"start":{"line":47,"column":0},"end":{"line":47,"column":7}},"47":{"start":{"line":48,"column":0},"end":{"line":48,"column":65}},"48":{"start":{"line":49,"column":0},"end":{"line":49,"column":21}},"49":{"start":{"line":50,"column":0},"end":{"line":50,"column":18}},"50":{"start":{"line":51,"column":0},"end":{"line":51,"column":5}},"51":{"start":{"line":52,"column":0},"end":{"line":52,"column":4}},"52":{"start":{"line":53,"column":0},"end":{"line":53,"column":0}},"53":{"start":{"line":54,"column":0},"end":{"line":54,"column":5}},"54":{"start":{"line":55,"column":0},"end":{"line":55,"column":36}},"55":{"start":{"line":56,"column":0},"end":{"line":56,"column":41}},"56":{"start":{"line":57,"column":0},"end":{"line":57,"column":5}},"57":{"start":{"line":58,"column":0},"end":{"line":58,"column":21}},"58":{"start":{"line":59,"column":0},"end":{"line":59,"column":9}},"59":{"start":{"line":60,"column":0},"end":{"line":60,"column":71}},"60":{"start":{"line":61,"column":0},"end":{"line":61,"column":26}},"61":{"start":{"line":62,"column":0},"end":{"line":62,"column":21}},"62":{"start":{"line":63,"column":0},"end":{"line":63,"column":18}},"63":{"start":{"line":64,"column":0},"end":{"line":64,"column":5}},"64":{"start":{"line":65,"column":0},"end":{"line":65,"column":4}},"65":{"start":{"line":66,"column":0},"end":{"line":66,"column":0}},"66":{"start":{"line":67,"column":0},"end":{"line":67,"column":5}},"67":{"start":{"line":68,"column":0},"end":{"line":68,"column":33}},"68":{"start":{"line":69,"column":0},"end":{"line":69,"column":46}},"69":{"start":{"line":70,"column":0},"end":{"line":70,"column":43}},"70":{"start":{"line":71,"column":0},"end":{"line":71,"column":5}},"71":{"start":{"line":72,"column":0},"end":{"line":72,"column":29}},"72":{"start":{"line":73,"column":0},"end":{"line":73,"column":9}},"73":{"start":{"line":74,"column":0},"end":{"line":74,"column":82}},"74":{"start":{"line":75,"column":0},"end":{"line":75,"column":21}},"75":{"start":{"line":76,"column":0},"end":{"line":76,"column":18}},"76":{"start":{"line":77,"column":0},"end":{"line":77,"column":5}},"77":{"start":{"line":78,"column":0},"end":{"line":78,"column":4}},"78":{"start":{"line":79,"column":0},"end":{"line":79,"column":0}},"79":{"start":{"line":80,"column":0},"end":{"line":80,"column":5}},"80":{"start":{"line":81,"column":0},"end":{"line":81,"column":50}},"81":{"start":{"line":82,"column":0},"end":{"line":82,"column":47}},"82":{"start":{"line":83,"column":0},"end":{"line":83,"column":51}},"83":{"start":{"line":84,"column":0},"end":{"line":84,"column":5}},"84":{"start":{"line":85,"column":0},"end":{"line":85,"column":35}},"85":{"start":{"line":86,"column":0},"end":{"line":86,"column":9}},"86":{"start":{"line":87,"column":0},"end":{"line":87,"column":77}},"87":{"start":{"line":88,"column":0},"end":{"line":88,"column":21}},"88":{"start":{"line":89,"column":0},"end":{"line":89,"column":18}},"89":{"start":{"line":90,"column":0},"end":{"line":90,"column":5}},"90":{"start":{"line":91,"column":0},"end":{"line":91,"column":3}},"91":{"start":{"line":92,"column":0},"end":{"line":92,"column":2}},"92":{"start":{"line":93,"column":0},"end":{"line":93,"column":0}},"93":{"start":{"line":94,"column":0},"end":{"line":94,"column":3}},"94":{"start":{"line":95,"column":0},"end":{"line":95,"column":40}},"95":{"start":{"line":96,"column":0},"end":{"line":96,"column":37}},"96":{"start":{"line":97,"column":0},"end":{"line":97,"column":48}},"97":{"start":{"line":98,"column":0},"end":{"line":98,"column":70}},"98":{"start":{"line":99,"column":0},"end":{"line":99,"column":3}},"99":{"start":{"line":100,"column":0},"end":{"line":100,"column":59}},"100":{"start":{"line":101,"column":0},"end":{"line":101,"column":7}},"101":{"start":{"line":102,"column":0},"end":{"line":102,"column":78}},"102":{"start":{"line":103,"column":0},"end":{"line":103,"column":33}},"103":{"start":{"line":104,"column":0},"end":{"line":104,"column":19}},"104":{"start":{"line":105,"column":0},"end":{"line":105,"column":16}},"105":{"start":{"line":106,"column":0},"end":{"line":106,"column":3}},"106":{"start":{"line":107,"column":0},"end":{"line":107,"column":2}},"107":{"start":{"line":108,"column":0},"end":{"line":108,"column":0}},"108":{"start":{"line":109,"column":0},"end":{"line":109,"column":3}},"109":{"start":{"line":110,"column":0},"end":{"line":110,"column":61}},"110":{"start":{"line":111,"column":0},"end":{"line":111,"column":51}},"111":{"start":{"line":112,"column":0},"end":{"line":112,"column":27}},"112":{"start":{"line":113,"column":0},"end":{"line":113,"column":3}},"113":{"start":{"line":114,"column":0},"end":{"line":114,"column":56}},"114":{"start":{"line":115,"column":0},"end":{"line":115,"column":7}},"115":{"start":{"line":116,"column":0},"end":{"line":116,"column":68}},"116":{"start":{"line":117,"column":0},"end":{"line":117,"column":52}},"117":{"start":{"line":118,"column":0},"end":{"line":118,"column":44}},"118":{"start":{"line":119,"column":0},"end":{"line":119,"column":30}},"119":{"start":{"line":120,"column":0},"end":{"line":120,"column":13}},"120":{"start":{"line":121,"column":0},"end":{"line":121,"column":5}},"121":{"start":{"line":122,"column":0},"end":{"line":122,"column":0}},"122":{"start":{"line":123,"column":0},"end":{"line":123,"column":18}},"123":{"start":{"line":124,"column":0},"end":{"line":124,"column":19}},"124":{"start":{"line":125,"column":0},"end":{"line":125,"column":28}},"125":{"start":{"line":126,"column":0},"end":{"line":126,"column":3}},"126":{"start":{"line":127,"column":0},"end":{"line":127,"column":2}}},"s":{"0":1,"1":1,"2":1,"3":1,"4":1,"5":1,"6":1,"7":1,"8":1,"9":1,"10":1,"11":1,"12":1,"13":1,"14":1,"15":1,"16":1,"17":1,"18":1,"19":2,"20":2,"21":2,"22":1,"23":1,"24":1,"25":1,"26":1,"27":1,"28":1,"29":1,"30":1,"31":2,"32":2,"33":2,"34":1,"35":1,"36":1,"37":1,"38":1,"39":1,"40":1,"41":1,"42":1,"43":3,"44":3,"45":1,"46":1,"47":2,"48":3,"49":1,"50":1,"51":1,"52":1,"53":1,"54":1,"55":1,"56":1,"57":1,"58":2,"59":2,"60":1,"61":1,"62":1,"63":1,"64":1,"65":1,"66":1,"67":1,"68":1,"69":1,"70":1,"71":1,"72":2,"73":2,"74":2,"75":1,"76":1,"77":1,"78":1,"79":1,"80":1,"81":1,"82":1,"83":1,"84":1,"85":2,"86":2,"87":2,"88":1,"89":1,"90":2,"91":1,"92":1,"93":1,"94":1,"95":1,"96":1,"97":1,"98":1,"99":1,"100":3,"101":3,"102":2,"103":3,"104":1,"105":1,"106":1,"107":1,"108":1,"109":1,"110":1,"111":1,"112":1,"113":1,"114":4,"115":4,"116":3,"117":4,"118":1,"119":1,"120":1,"121":2,"122":2,"123":4,"124":1,"125":1,"126":4},"branchMap":{"0":{"type":"branch","line":19,"loc":{"start":{"line":19,"column":2},"end":{"line":25,"column":3}},"locations":[{"start":{"line":19,"column":2},"end":{"line":25,"column":3}}]},"1":{"type":"branch","line":22,"loc":{"start":{"line":22,"column":6},"end":{"line":24,"column":5}},"locations":[{"start":{"line":22,"column":6},"end":{"line":24,"column":5}}]},"2":{"type":"branch","line":31,"loc":{"start":{"line":31,"column":2},"end":{"line":37,"column":3}},"locations":[{"start":{"line":31,"column":2},"end":{"line":37,"column":3}}]},"3":{"type":"branch","line":34,"loc":{"start":{"line":34,"column":6},"end":{"line":36,"column":5}},"locations":[{"start":{"line":34,"column":6},"end":{"line":36,"column":5}}]},"4":{"type":"branch","line":43,"loc":{"start":{"line":43,"column":2},"end":{"line":52,"column":3}},"locations":[{"start":{"line":43,"column":2},"end":{"line":52,"column":3}}]},"5":{"type":"branch","line":45,"loc":{"start":{"line":45,"column":44},"end":{"line":47,"column":7}},"locations":[{"start":{"line":45,"column":44},"end":{"line":47,"column":7}}]},"6":{"type":"branch","line":47,"loc":{"start":{"line":47,"column":6},"end":{"line":49,"column":6}},"locations":[{"start":{"line":47,"column":6},"end":{"line":49,"column":6}}]},"7":{"type":"branch","line":49,"loc":{"start":{"line":49,"column":6},"end":{"line":51,"column":5}},"locations":[{"start":{"line":49,"column":6},"end":{"line":51,"column":5}}]},"8":{"type":"branch","line":58,"loc":{"start":{"line":58,"column":2},"end":{"line":65,"column":3}},"locations":[{"start":{"line":58,"column":2},"end":{"line":65,"column":3}}]},"9":{"type":"branch","line":61,"loc":{"start":{"line":61,"column":-2},"end":{"line":64,"column":5}},"locations":[{"start":{"line":61,"column":-2},"end":{"line":64,"column":5}}]},"10":{"type":"branch","line":72,"loc":{"start":{"line":72,"column":2},"end":{"line":78,"column":3}},"locations":[{"start":{"line":72,"column":2},"end":{"line":78,"column":3}}]},"11":{"type":"branch","line":75,"loc":{"start":{"line":75,"column":6},"end":{"line":77,"column":5}},"locations":[{"start":{"line":75,"column":6},"end":{"line":77,"column":5}}]},"12":{"type":"branch","line":85,"loc":{"start":{"line":85,"column":2},"end":{"line":91,"column":3}},"locations":[{"start":{"line":85,"column":2},"end":{"line":91,"column":3}}]},"13":{"type":"branch","line":88,"loc":{"start":{"line":88,"column":6},"end":{"line":90,"column":5}},"locations":[{"start":{"line":88,"column":6},"end":{"line":90,"column":5}}]},"14":{"type":"branch","line":100,"loc":{"start":{"line":100,"column":7},"end":{"line":107,"column":1}},"locations":[{"start":{"line":100,"column":7},"end":{"line":107,"column":1}}]},"15":{"type":"branch","line":103,"loc":{"start":{"line":103,"column":-2},"end":{"line":104,"column":4}},"locations":[{"start":{"line":103,"column":-2},"end":{"line":104,"column":4}}]},"16":{"type":"branch","line":104,"loc":{"start":{"line":104,"column":4},"end":{"line":106,"column":3}},"locations":[{"start":{"line":104,"column":4},"end":{"line":106,"column":3}}]},"17":{"type":"branch","line":107,"loc":{"start":{"line":107,"column":1},"end":{"line":107,"column":2}},"locations":[{"start":{"line":107,"column":1},"end":{"line":107,"column":2}}]},"18":{"type":"branch","line":114,"loc":{"start":{"line":114,"column":7},"end":{"line":127,"column":2}},"locations":[{"start":{"line":114,"column":7},"end":{"line":127,"column":2}}]},"19":{"type":"branch","line":117,"loc":{"start":{"line":117,"column":-2},"end":{"line":118,"column":14}},"locations":[{"start":{"line":117,"column":-2},"end":{"line":118,"column":14}}]},"20":{"type":"branch","line":118,"loc":{"start":{"line":118,"column":14},"end":{"line":118,"column":41}},"locations":[{"start":{"line":118,"column":14},"end":{"line":118,"column":41}}]},"21":{"type":"branch","line":118,"loc":{"start":{"line":118,"column":43},"end":{"line":121,"column":5}},"locations":[{"start":{"line":118,"column":43},"end":{"line":121,"column":5}}]},"22":{"type":"branch","line":121,"loc":{"start":{"line":121,"column":4},"end":{"line":124,"column":4}},"locations":[{"start":{"line":121,"column":4},"end":{"line":124,"column":4}}]},"23":{"type":"branch","line":124,"loc":{"start":{"line":124,"column":4},"end":{"line":126,"column":3}},"locations":[{"start":{"line":124,"column":4},"end":{"line":126,"column":3}}]}},"b":{"0":[2],"1":[1],"2":[2],"3":[1],"4":[3],"5":[1],"6":[2],"7":[1],"8":[2],"9":[1],"10":[2],"11":[1],"12":[2],"13":[1],"14":[3],"15":[2],"16":[1],"17":[3],"18":[4],"19":[3],"20":[2],"21":[1],"22":[2],"23":[1]},"fnMap":{"0":{"name":"updateUser","decl":{"start":{"line":19,"column":2},"end":{"line":25,"column":3}},"loc":{"start":{"line":19,"column":2},"end":{"line":25,"column":3}},"line":19},"1":{"name":"getUserProfile","decl":{"start":{"line":31,"column":2},"end":{"line":37,"column":3}},"loc":{"start":{"line":31,"column":2},"end":{"line":37,"column":3}},"line":31},"2":{"name":"getUserRole","decl":{"start":{"line":43,"column":2},"end":{"line":52,"column":3}},"loc":{"start":{"line":43,"column":2},"end":{"line":52,"column":3}},"line":43},"3":{"name":"getUserId","decl":{"start":{"line":58,"column":2},"end":{"line":65,"column":3}},"loc":{"start":{"line":58,"column":2},"end":{"line":65,"column":3}},"line":58},"4":{"name":"getUserById","decl":{"start":{"line":72,"column":2},"end":{"line":78,"column":3}},"loc":{"start":{"line":72,"column":2},"end":{"line":78,"column":3}},"line":72},"5":{"name":"createBasicUser","decl":{"start":{"line":85,"column":2},"end":{"line":91,"column":3}},"loc":{"start":{"line":85,"column":2},"end":{"line":91,"column":3}},"line":85},"6":{"name":"verifyUserRole","decl":{"start":{"line":100,"column":7},"end":{"line":107,"column":1}},"loc":{"start":{"line":100,"column":7},"end":{"line":107,"column":1}},"line":100},"7":{"name":"get","decl":{"start":{"line":107,"column":1},"end":{"line":107,"column":2}},"loc":{"start":{"line":107,"column":1},"end":{"line":107,"column":2}},"line":107},"8":{"name":"checkProfileCompletion","decl":{"start":{"line":114,"column":7},"end":{"line":127,"column":2}},"loc":{"start":{"line":114,"column":7},"end":{"line":127,"column":2}},"line":114}},"f":{"0":2,"1":2,"2":3,"3":2,"4":2,"5":2,"6":3,"7":3,"8":4}}
}
