TN:
SF:backend\middlewares\auth.middleware.js
FN:12,createResponse
FN:19,checkRole
FNF:2
FNH:2
FNDA:9,createResponse
FNDA:9,checkRole
DA:1,1
DA:2,1
DA:3,1
DA:4,1
DA:5,1
DA:6,1
DA:7,1
DA:8,1
DA:9,1
DA:10,1
DA:11,1
DA:12,1
DA:13,9
DA:14,9
DA:15,9
DA:16,9
DA:17,1
DA:18,1
DA:19,1
DA:20,9
DA:21,9
DA:22,9
DA:23,9
DA:24,1
DA:25,1
DA:26,8
DA:27,8
DA:28,8
DA:29,8
DA:30,9
DA:31,0
DA:32,0
DA:33,0
DA:34,9
DA:35,0
DA:36,0
DA:37,0
DA:38,0
DA:39,0
DA:40,0
DA:41,0
DA:42,0
DA:43,0
DA:44,0
DA:45,0
DA:46,0
DA:47,0
DA:48,0
DA:49,0
DA:50,0
DA:51,0
DA:52,9
DA:53,8
DA:54,8
DA:55,0
DA:56,0
DA:57,8
DA:58,8
DA:59,9
LF:59
LH:37
BRDA:12,0,0,9
BRDA:15,1,0,0
BRDA:19,2,0,9
BRDA:19,3,0,9
BRDA:21,4,0,8
BRDA:23,5,0,1
BRDA:25,6,0,8
BRDA:30,7,0,0
BRDA:34,8,0,0
BRDA:52,9,0,8
BRDA:54,10,0,0
BRF:11
BRH:7
end_of_record
TN:
SF:backend\models\application.model.js
FNF:0
FNH:0
DA:1,1
DA:2,1
DA:3,1
DA:4,1
DA:5,1
DA:6,1
DA:7,1
DA:8,1
DA:9,1
DA:10,1
DA:11,1
DA:12,1
DA:13,1
DA:14,1
DA:15,1
DA:16,1
DA:17,1
DA:18,1
DA:19,1
DA:20,1
DA:21,1
DA:22,1
DA:23,1
DA:24,1
DA:25,1
DA:26,1
DA:27,1
DA:28,1
DA:29,1
DA:30,1
DA:31,1
DA:32,1
DA:33,1
DA:34,1
DA:35,1
DA:36,1
DA:37,1
DA:38,1
DA:39,1
DA:40,1
DA:41,1
DA:42,1
DA:43,1
DA:44,1
DA:45,1
DA:46,1
DA:47,1
DA:48,1
DA:49,1
DA:50,1
LF:50
LH:50
BRF:0
BRH:0
end_of_record
TN:
SF:backend\test\testUtils\application.utils.js
FN:5,seedApplicationData
FN:11,clearApplicationData
FNF:2
FNH:2
FNDA:10,seedApplicationData
FNDA:9,clearApplicationData
DA:1,1
DA:2,1
DA:3,1
DA:4,1
DA:5,1
DA:6,10
DA:7,10
DA:8,10
DA:9,1
DA:10,1
DA:11,1
DA:12,9
DA:13,9
LF:13
LH:13
BRDA:5,0,0,10
BRDA:11,1,0,9
BRF:2
BRH:2
end_of_record
TN:
SF:backend\test\testUtils\index.js
FN:4,seedTestDatabase
FN:9,clearDatabase
FNF:2
FNH:2
FNDA:10,seedTestDatabase
FNDA:9,clearDatabase
DA:1,1
DA:2,1
DA:3,1
DA:4,1
DA:5,10
DA:6,10
DA:7,1
DA:8,1
DA:9,1
DA:10,9
DA:11,9
LF:11
LH:11
BRDA:4,0,0,10
BRDA:9,1,0,9
BRF:2
BRH:2
end_of_record
