TN:
SF:backend\controllers\helpers.js
FN:9,createResponse
FN:18,handleError
FN:26,formatAnswers
FN:35,isValidStatus
FN:43,verifyJobOwnership
FN:59,getTotalStatus
FN:70,getJobsByEmployerHelper
FN:87,getLineGraphData
FNF:8
FNH:1
FNDA:29,createResponse
FNDA:0,handleError
FNDA:0,formatAnswers
FNDA:0,isValidStatus
FNDA:0,verifyJobOwnership
FNDA:0,getTotalStatus
FNDA:0,getJobsByEmployerHelper
FNDA:0,getLineGraphData
DA:1,1
DA:2,1
DA:3,1
DA:4,1
DA:5,1
DA:6,1
DA:7,1
DA:8,1
DA:9,1
DA:10,29
DA:11,29
DA:12,29
DA:13,1
DA:14,1
DA:15,1
DA:16,1
DA:17,1
DA:18,1
DA:19,0
DA:20,0
DA:21,0
DA:22,1
DA:23,1
DA:24,1
DA:25,1
DA:26,1
DA:27,0
DA:28,0
DA:29,0
DA:30,1
DA:31,1
DA:32,1
DA:33,1
DA:34,1
DA:35,1
DA:36,0
DA:37,0
DA:38,0
DA:39,1
DA:40,1
DA:41,1
DA:42,1
DA:43,1
DA:44,0
DA:45,0
DA:46,0
DA:47,0
DA:48,0
DA:49,0
DA:50,0
DA:51,0
DA:52,0
DA:53,0
DA:54,0
DA:55,1
DA:56,1
DA:57,1
DA:58,1
DA:59,1
DA:60,0
DA:61,0
DA:62,0
DA:63,0
DA:64,0
DA:65,0
DA:66,1
DA:67,1
DA:68,1
DA:69,1
DA:70,1
DA:71,0
DA:72,0
DA:73,0
DA:74,0
DA:75,0
DA:76,0
DA:77,0
DA:78,0
DA:79,0
DA:80,0
DA:81,0
DA:82,0
DA:83,1
DA:84,1
DA:85,1
DA:86,1
DA:87,1
DA:88,0
DA:89,0
DA:90,0
DA:91,0
DA:92,0
DA:93,0
DA:94,0
DA:95,0
DA:96,0
DA:97,0
DA:98,0
DA:99,0
DA:100,0
DA:101,0
DA:102,0
DA:103,0
DA:104,0
DA:105,0
DA:106,0
DA:107,0
DA:108,0
DA:109,0
DA:110,0
DA:111,0
DA:112,0
DA:113,0
DA:114,0
DA:115,0
DA:116,0
DA:117,0
DA:118,0
DA:119,0
DA:120,0
DA:121,0
LF:121
LH:49
BRDA:9,0,0,29
BRDA:12,1,0,16
BRF:2
BRH:2
end_of_record
TN:
SF:backend\controllers\job.controller.js
FN:10,areRequiredFieldsPresent
FN:24,createJob
FN:46,getJobs
FN:69,getJobsByEmployer
FN:91,getJobById
FN:111,updateJob
FN:131,deleteJob
FN:151,getJobCountByType
FN:167,getAllCompanies
FN:182,getAllJobRoles
FN:197,getAllJobLocations
FN:212,getAllJobTypes
FN:226,buildJobFilter
FN:240,getFilteredJobs
FN:267,getJobQuestionsById
FN:287,getJobsWithValidDeadlines
FN:301,getSalaryBounds
FNF:17
FNH:15
FNDA:7,areRequiredFieldsPresent
FNDA:2,createJob
FNDA:1,getJobs
FNDA:3,getJobsByEmployer
FNDA:3,getJobById
FNDA:3,updateJob
FNDA:3,deleteJob
FNDA:2,getJobCountByType
FNDA:0,getAllCompanies
FNDA:2,getAllJobRoles
FNDA:2,getAllJobLocations
FNDA:2,getAllJobTypes
FNDA:7,buildJobFilter
FNDA:3,getFilteredJobs
FNDA:3,getJobQuestionsById
FNDA:3,getJobsWithValidDeadlines
FNDA:0,getSalaryBounds
DA:1,1
DA:2,1
DA:3,1
DA:4,1
DA:5,1
DA:6,1
DA:7,1
DA:8,1
DA:9,1
DA:10,1
DA:11,7
DA:12,2
DA:13,7
DA:14,5
DA:15,5
DA:16,7
DA:17,1
DA:18,1
DA:19,1
DA:20,1
DA:21,1
DA:22,1
DA:23,1
DA:24,1
DA:25,2
DA:26,2
DA:27,2
DA:28,2
DA:29,1
DA:30,1
DA:31,1
DA:32,1
DA:33,1
DA:34,1
DA:35,2
DA:36,0
DA:37,0
DA:38,2
DA:39,1
DA:40,1
DA:41,1
DA:42,1
DA:43,1
DA:44,1
DA:45,1
DA:46,1
DA:47,1
DA:48,1
DA:49,1
DA:50,1
DA:51,1
DA:52,0
DA:53,0
DA:54,1
DA:55,1
DA:56,1
DA:57,1
DA:58,0
DA:59,0
DA:60,0
DA:61,1
DA:62,1
DA:63,1
DA:64,1
DA:65,1
DA:66,1
DA:67,1
DA:68,1
DA:69,1
DA:70,3
DA:71,3
DA:72,3
DA:73,2
DA:74,3
DA:75,1
DA:76,1
DA:77,1
DA:78,1
DA:79,1
DA:80,1
DA:81,1
DA:82,1
DA:83,3
DA:84,1
DA:85,1
DA:86,1
DA:87,1
DA:88,1
DA:89,1
DA:90,1
DA:91,1
DA:92,3
DA:93,3
DA:94,3
DA:95,2
DA:96,3
DA:97,1
DA:98,1
DA:99,1
DA:100,1
DA:101,1
DA:102,1
DA:103,3
DA:104,1
DA:105,1
DA:106,1
DA:107,1
DA:108,1
DA:109,1
DA:110,1
DA:111,1
DA:112,3
DA:113,3
DA:114,3
DA:115,2
DA:116,3
DA:117,1
DA:118,1
DA:119,1
DA:120,1
DA:121,1
DA:122,1
DA:123,3
DA:124,1
DA:125,1
DA:126,1
DA:127,1
DA:128,1
DA:129,1
DA:130,1
DA:131,1
DA:132,3
DA:133,3
DA:134,3
DA:135,1
DA:136,1
DA:137,1
DA:138,1
DA:139,1
DA:140,1
DA:141,1
DA:142,1
DA:143,3
DA:144,1
DA:145,1
DA:146,1
DA:147,1
DA:148,1
DA:149,1
DA:150,1
DA:151,1
DA:152,2
DA:153,2
DA:154,2
DA:155,1
DA:156,1
DA:157,1
DA:158,1
DA:159,2
DA:160,1
DA:161,1
DA:162,1
DA:163,1
DA:164,1
DA:165,1
DA:166,1
DA:167,1
DA:168,0
DA:169,0
DA:170,0
DA:171,0
DA:172,0
DA:173,0
DA:174,0
DA:175,1
DA:176,1
DA:177,1
DA:178,1
DA:179,1
DA:180,1
DA:181,1
DA:182,1
DA:183,2
DA:184,2
DA:185,1
DA:186,1
DA:187,1
DA:188,1
DA:189,2
DA:190,1
DA:191,1
DA:192,1
DA:193,1
DA:194,1
DA:195,1
DA:196,1
DA:197,1
DA:198,2
DA:199,2
DA:200,1
DA:201,1
DA:202,1
DA:203,1
DA:204,2
DA:205,1
DA:206,1
DA:207,1
DA:208,1
DA:209,1
DA:210,1
DA:211,1
DA:212,1
DA:213,2
DA:214,2
DA:215,1
DA:216,1
DA:217,1
DA:218,1
DA:219,2
DA:220,1
DA:221,1
DA:222,1
DA:223,1
DA:224,1
DA:225,1
DA:226,1
DA:227,7
DA:228,7
DA:229,7
DA:230,7
DA:231,7
DA:232,7
DA:233,1
DA:234,1
DA:235,1
DA:236,1
DA:237,1
DA:238,1
DA:239,1
DA:240,1
DA:241,3
DA:242,3
DA:243,3
DA:244,3
DA:245,3
DA:246,3
DA:247,3
DA:248,3
DA:249,3
DA:250,3
DA:251,3
DA:252,3
DA:253,3
DA:254,2
DA:255,2
DA:256,3
DA:257,1
DA:258,1
DA:259,3
DA:260,1
DA:261,1
DA:262,1
DA:263,1
DA:264,1
DA:265,1
DA:266,1
DA:267,1
DA:268,3
DA:269,3
DA:270,3
DA:271,3
DA:272,1
DA:273,1
DA:274,1
DA:275,1
DA:276,1
DA:277,1
DA:278,3
DA:279,1
DA:280,1
DA:281,1
DA:282,1
DA:283,1
DA:284,1
DA:285,1
DA:286,1
DA:287,1
DA:288,3
DA:289,3
DA:290,3
DA:291,3
DA:292,3
DA:293,3
DA:294,2
DA:295,3
DA:296,1
DA:297,1
DA:298,1
DA:299,3
DA:300,1
DA:301,1
DA:302,0
DA:303,0
DA:304,0
DA:305,0
DA:306,0
DA:307,0
DA:308,0
DA:309,0
DA:310,0
DA:311,0
DA:312,0
DA:313,0
DA:314,0
DA:315,0
DA:316,0
DA:317,0
DA:318,0
DA:319,0
DA:320,0
DA:321,0
DA:322,0
DA:323,0
DA:324,0
DA:325,0
DA:326,0
DA:327,0
DA:328,0
DA:329,0
DA:330,0
LF:330
LH:287
BRDA:10,0,0,7
BRDA:11,1,0,4
BRDA:11,2,0,3
BRDA:11,3,0,3
BRDA:11,4,0,2
BRDA:11,5,0,2
BRDA:13,6,0,5
BRDA:24,7,0,2
BRDA:28,8,0,1
BRDA:35,9,0,0
BRDA:46,10,0,1
BRDA:51,11,0,0
BRDA:57,12,0,0
BRDA:69,13,0,3
BRDA:72,14,0,2
BRDA:74,15,0,1
BRDA:91,16,0,3
BRDA:94,17,0,2
BRDA:96,18,0,1
BRDA:111,19,0,3
BRDA:114,20,0,2
BRDA:116,21,0,1
BRDA:131,22,0,3
BRDA:133,23,0,2
BRDA:134,24,0,1
BRDA:151,25,0,2
BRDA:154,26,0,1
BRDA:182,27,0,2
BRDA:184,28,0,1
BRDA:197,29,0,2
BRDA:199,30,0,1
BRDA:212,31,0,2
BRDA:214,32,0,1
BRDA:226,33,0,7
BRDA:228,34,0,4
BRDA:228,35,0,3
BRDA:228,36,0,1
BRDA:229,37,0,4
BRDA:229,38,0,2
BRDA:229,39,0,2
BRDA:230,40,0,4
BRDA:230,41,0,3
BRDA:230,42,0,1
BRDA:240,43,0,3
BRDA:247,44,0,2
BRDA:247,45,0,1
BRDA:247,46,0,1
BRDA:248,47,0,2
BRDA:248,48,0,1
BRDA:248,49,0,1
BRDA:249,50,0,2
BRDA:249,51,0,1
BRDA:249,52,0,1
BRDA:250,53,0,0
BRDA:253,54,0,2
BRDA:256,55,0,1
BRDA:267,56,0,3
BRDA:270,57,0,2
BRDA:271,58,0,1
BRDA:287,59,0,3
BRDA:293,60,0,2
BRDA:295,61,0,1
BRF:62
BRH:58
end_of_record
TN:
SF:backend\models\application.model.js
FNF:0
FNH:0
DA:1,1
DA:2,1
DA:3,1
DA:4,1
DA:5,1
DA:6,1
DA:7,1
DA:8,1
DA:9,1
DA:10,1
DA:11,1
DA:12,1
DA:13,1
DA:14,1
DA:15,1
DA:16,1
DA:17,1
DA:18,1
DA:19,1
DA:20,1
DA:21,1
DA:22,1
DA:23,1
DA:24,1
DA:25,1
DA:26,1
DA:27,1
DA:28,1
DA:29,1
DA:30,1
DA:31,1
DA:32,1
DA:33,1
DA:34,1
DA:35,1
DA:36,1
DA:37,1
DA:38,1
DA:39,1
DA:40,1
DA:41,1
DA:42,1
DA:43,1
DA:44,1
DA:45,1
DA:46,1
DA:47,1
DA:48,1
DA:49,1
DA:50,1
LF:50
LH:50
BRF:0
BRH:0
end_of_record
TN:
SF:backend\models\job.model.js
FNF:0
FNH:0
DA:1,1
DA:2,1
DA:3,1
DA:4,1
DA:5,1
DA:6,1
DA:7,1
DA:8,1
DA:9,1
DA:10,1
DA:11,1
DA:12,1
DA:13,1
DA:14,1
DA:15,1
DA:16,1
DA:17,1
DA:18,1
DA:19,1
DA:20,1
DA:21,1
DA:22,1
DA:23,1
DA:24,1
DA:25,1
DA:26,1
DA:27,1
DA:28,1
DA:29,1
DA:30,1
DA:31,1
DA:32,1
DA:33,1
DA:34,1
DA:35,1
DA:36,1
DA:37,1
DA:38,1
DA:39,1
DA:40,1
DA:41,1
DA:42,1
DA:43,1
DA:44,1
DA:45,1
DA:46,1
DA:47,1
DA:48,1
DA:49,1
DA:50,1
DA:51,1
DA:52,1
DA:53,1
DA:54,1
DA:55,1
DA:56,1
DA:57,1
DA:58,1
DA:59,1
DA:60,1
DA:61,1
DA:62,1
DA:63,1
DA:64,1
DA:65,1
DA:66,1
DA:67,1
DA:68,1
DA:69,1
DA:70,1
DA:71,1
DA:72,1
DA:73,1
LF:73
LH:73
BRF:0
BRH:0
end_of_record
TN:
SF:backend\models\user\Employer.model.js
FNF:0
FNH:0
DA:1,1
DA:2,1
DA:3,1
DA:4,1
DA:5,1
DA:6,1
DA:7,1
DA:8,1
DA:9,1
DA:10,1
DA:11,1
DA:12,1
DA:13,1
DA:14,1
DA:15,1
DA:16,1
DA:17,1
DA:18,1
LF:18
LH:18
BRF:0
BRH:0
end_of_record
TN:
SF:backend\models\user\user.model.js
FNF:0
FNH:0
DA:1,1
DA:2,1
DA:3,1
DA:4,1
DA:5,1
DA:6,1
DA:7,1
DA:8,1
DA:9,1
DA:10,1
DA:11,1
DA:12,1
DA:13,1
DA:14,1
DA:15,1
DA:16,1
DA:17,1
DA:18,1
DA:19,1
DA:20,1
DA:21,1
DA:22,1
DA:23,1
DA:24,1
DA:25,1
DA:26,1
DA:27,1
DA:28,1
DA:29,1
DA:30,1
DA:31,1
DA:32,1
DA:33,1
DA:34,1
DA:35,1
DA:36,1
DA:37,1
DA:38,1
DA:39,1
DA:40,1
DA:41,1
DA:42,1
DA:43,1
DA:44,1
DA:45,1
DA:46,1
DA:47,1
DA:48,1
DA:49,1
DA:50,1
DA:51,1
DA:52,1
LF:52
LH:52
BRF:0
BRH:0
end_of_record
TN:
SF:backend\test\testUtils\application.utils.js
FN:5,seedApplicationData
FN:11,clearApplicationData
FNF:2
FNH:2
FNDA:45,seedApplicationData
FNDA:44,clearApplicationData
DA:1,1
DA:2,1
DA:3,1
DA:4,1
DA:5,1
DA:6,45
DA:7,45
DA:8,45
DA:9,1
DA:10,1
DA:11,1
DA:12,44
DA:13,44
LF:13
LH:13
BRDA:5,0,0,45
BRDA:11,1,0,44
BRF:2
BRH:2
end_of_record
TN:
SF:backend\test\testUtils\index.js
FN:4,seedTestDatabase
FN:9,clearDatabase
FNF:2
FNH:2
FNDA:45,seedTestDatabase
FNDA:44,clearDatabase
DA:1,1
DA:2,1
DA:3,1
DA:4,1
DA:5,45
DA:6,45
DA:7,1
DA:8,1
DA:9,1
DA:10,44
DA:11,44
LF:11
LH:11
BRDA:4,0,0,45
BRDA:9,1,0,44
BRF:2
BRH:2
end_of_record
